{"meta": {"format": 3, "version": "7.13.3", "timestamp": "2026-09-17T06:24:15.875580", "branch_coverage": true, "show_contexts": false}, "files": {"src/quietcycle/__init__.py": {"executed_lines": [2, 3, 4, 9, 10, 11, 12, 14], "summary": {"covered_lines": 8, "num_statements": 8, "percent_covered": 100.0, "percent_covered_display": "100", "missing_lines": 0, "excluded_lines": 0, "percent_statements_covered": 100.0, "percent_statements_covered_display": "100", "num_branches": 0, "num_partial_branches": 0, "covered_branches": 0, "missing_branches": 0, "percent_branches_covered": 100.0, "percent_branches_covered_display": "100"}, "missing_lines": [], "excluded_lines": [], "executed_branches": [], "missing_branches": [], "functions": {"": {"executed_lines": [2, 3, 4, 9, 10, 11, 12, 14], "summary": {"covered_lines": 8, "num_statements": 8, "percent_covered": 100.0, "percent_covered_display": "100", "missing_lines": 0, "excluded_lines": 0, "percent_statements_covered": 100.0, "percent_statements_covered_display": "100", "num_branches": 0, "num_partial_branches": 0, "covered_branches": 0, "missing_branches": 0, "percent_branches_covered": 100.0, "percent_branches_covered_display": "100"}, "missing_lines": [], "excluded_lines": [], "start_line": 1, "executed_branches": [], "missing_branches": []}}, "classes": {"": {"executed_lines": [2, 3, 4, 9, 10, 11, 12, 14], "summary": {"covered_lines": 8, "num_statements": 8, "percent_covered": 100.0, "percent_covered_display": "100", "missing_lines": 0, "excluded_lines": 0, "percent_statements_covered": 100.0, "percent_statements_covered_display": "100", "num_branches": 0, "num_partial_branches": 0, "covered_branches": 0, "missing_branches": 0, "percent_branches_covered": 100.0, "percent_branches_covered_display": "100"}, "missing_lines": [], "excluded_lines": [], "start_line": 1, "executed_branches": [], "missing_branches": []}}}, "src/quietcycle/__main__.py": {"executed_lines": [], "summary": {"covered_lines": 0, "num_statements": 2, "percent_covered": 0.0, "percent_covered_display": "0", "missing_lines": 2, "excluded_lines": 0, "percent_statements_covered": 0.0, "percent_statements_covered_display": "0", "num_branches": 0, "num_partial_branches": 0, "covered_branches": 0, "missing_branches": 0, "percent_branches_covered": 100.0, "percent_branches_covered_display": "100"}, "missing_lines": [1, 3], "excluded_lines": [], "executed_branches": [], "missing_branches": [], "functions": {"": {"executed_lines": [], "summary": {"covered_lines": 0, "num_statements": 2, "percent_covered": 0.0, "percent_covered_display": "0", "missing_lines": 2, "excluded_lines": 0, "percent_statements_covered": 0.0, "percent_statements_covered_display": "0", "num_branches": 0, "num_partial_branches": 0, "covered_branches": 0, "missing_branches": 0, "percent_branches_covered": 100.0, "percent_branches_covered_display": "100"}, "missing_lines": [1, 3], "excluded_lines": [], "start_line": 1, "executed_branches": [], "missing_branches": []}}, "classes": {"": {"executed_lines": [], "summary": {"covered_lines": 0, "num_statements": 2, "percent_covered": 0.0, "percent_covered_display": "0", "missing_lines": 2, "excluded_lines": 0, "percent_statements_covered": 0.0, "percent_statements_covered_display": "0", "num_branches": 0, "num_partial_branches": 0, "covered_branches": 0, "missing_branches": 0, "percent_branches_covered": 100.0, "percent_branches_covered_display": "100"}, "missing_lines": [1, 3], "excluded_lines": [], "start_line": 1, "executed_branches": [], "missing_branches": []}}}, "src/quietcycle/adapters/__init__.py": {"executed_lines": [2, 3, 4, 5, 7], "summary": {"covered_lines": 5, "num_statements": 5, "percent_covered": 100.0, "percent_covered_display": "100", "missing_lines": 0, "excluded_lines": 0, "percent_statements_covered": 100.0, "percent_statements_covered_display": "100", "num_branches": 0, "num_partial_branches": 0, "covered_branches": 0, "missing_branches": 0, "percent_branches_covered": 100.0, "percent_branches_covered_display": "100"}, "missing_lines": [], "excluded_lines": [], "executed_branches": [], "missing_branches": [], "functions": {"": {"executed_lines": [2, 3, 4, 5, 7], "summary": {"covered_lines": 5, "num_statements": 5, "percent_covered": 100.0, "percent_covered_display": "100", "missing_lines": 0, "excluded_lines": 0, "percent_statements_covered": 100.0, "percent_statements_covered_display": "100", "num_branches": 0, "num_partial_branches": 0, "covered_branches": 0, "missing_branches": 0, "percent_branches_covered": 100.0, "percent_branches_covered_display": "100"}, "missing_lines": [], "excluded_lines": [], "start_line": 1, "executed_branches": [], "missing_branches": []}}, "classes": {"": {"executed_lines": [2, 3, 4, 5, 7], "summary": {"covered_lines": 5, "num_statements": 5, "percent_covered": 100.0, "percent_covered_display": "100", "missing_lines": 0, "excluded_lines": 0, "percent_statements_covered": 100.0, "percent_statements_covered_display": "100", "num_branches": 0, "num_partial_branches": 0, "covered_branches": 0, "missing_branches": 0, "percent_branches_covered": 100.0, "percent_branches_covered_display": "100"}, "missing_lines": [], "excluded_lines": [], "start_line": 1, "executed_branches": [], "missing_branches": []}}}, "src/quietcycle/adapters/csv.py": {"executed_lines": [2, 4, 5, 6, 7, 8, 9, 11, 12, 13, 14, 16, 23, 24, 25, 26, 29, 32, 34, 35, 36, 38, 39, 40, 43, 44, 46, 47, 48, 49, 50, 53, 54, 55, 56, 57, 58, 59, 60, 61, 63, 64, 65, 66, 67, 68, 70, 71, 72, 74, 75, 76, 77, 78, 79, 80, 81, 83, 84, 85, 90, 91, 92, 93, 94, 95, 98, 99, 101, 102, 103, 105, 109, 114, 115, 116, 117, 118, 119, 120, 121, 122, 123, 124, 125, 126, 128, 129], "summary": {"covered_lines": 88, "num_statements": 101, "percent_covered": 85.90604026845638, "percent_covered_display": "86", "missing_lines": 13, "excluded_lines": 0, "percent_statements_covered": 87.12871287128714, "percent_statements_covered_display": "87", "num_branches": 48, "num_partial_branches": 8, "covered_branches": 40, "missing_branches": 8, "percent_branches_covered": 83.33333333333333, "percent_branches_covered_display": "83"}, "missing_lines": [37, 41, 45, 51, 52, 62, 73, 96, 97, 100, 106, 111, 127], "excluded_lines": [], "executed_branches": [[34, 35], [34, 36], [36, 38], [40, -32], [44, 46], [54, 55], [54, 56], [56, 57], [56, 58], [60, 61], [60, 103], [61, 63], [63, 64], [63, 65], [66, 67], [66, 84], [67, 68], [67, 72], [68, 70], [68, 71], [72, 74], [74, 75], [74, 78], [75, 76], [75, 77], [78, 79], [78, 83], [79, 80], [79, 81], [92, 93], [99, 60], [118, 119], [118, 129], [121, 122], [121, 128], [122, 123], [122, 124], [124, 125], [124, 126], [126, 121]], "missing_branches": [[36, 37], [40, 41], [44, 45], [61, 62], [72, 73], [92, 94], [99, 100], [126, 127]], "functions": {"CSVAdapter.__init__": {"executed_lines": [34, 35, 36, 38, 39, 40], "summary": {"covered_lines": 6, "num_statements": 8, "percent_covered": 71.42857142857143, "percent_covered_display": "71", "missing_lines": 2, "excluded_lines": 0, "percent_statements_covered": 75.0, "percent_statements_covered_display": "75", "num_branches": 6, "num_partial_branches": 2, "covered_branches": 4, "missing_branches": 2, "percent_branches_covered": 66.66666666666667, "percent_branches_covered_display": "67"}, "missing_lines": [37, 41], "excluded_lines": [], "start_line": 32, "executed_branches": [[34, 35], [34, 36], [36, 38], [40, -32]], "missing_branches": [[36, 37], [40, 41]]}, "CSVAdapter.loads": {"executed_lines": [44, 46, 47, 48, 49, 50, 53, 54, 55, 56, 57, 58, 59, 60, 61, 63, 64, 65, 66, 67, 68, 70, 71, 72, 74, 75, 76, 77, 78, 79, 80, 81, 83, 84, 85, 90, 91, 92, 93, 94, 95, 98, 99, 101, 102, 103], "summary": {"covered_lines": 46, "num_statements": 54, "percent_covered": 84.88372093023256, "percent_covered_display": "85", "missing_lines": 8, "excluded_lines": 0, "percent_statements_covered": 85.18518518518519, "percent_statements_covered_display": "85", "num_branches": 32, "num_partial_branches": 5, "covered_branches": 27, "missing_branches": 5, "percent_branches_covered": 84.375, "percent_branches_covered_display": "84"}, "missing_lines": [45, 51, 52, 62, 73, 96, 97, 100], "excluded_lines": [], "start_line": 43, "executed_branches": [[44, 46], [54, 55], [54, 56], [56, 57], [56, 58], [60, 61], [60, 103], [61, 63], [63, 64], [63, 65], [66, 67], [66, 84], [67, 68], [67, 72], [68, 70], [68, 71], [72, 74], [74, 75], [74, 78], [75, 76], [75, 77], [78, 79], [78, 83], [79, 80], [79, 81], [92, 93], [99, 60]], "missing_branches": [[44, 45], [61, 62], [72, 73], [92, 94], [99, 100]]}, "CSVAdapter.load": {"executed_lines": [], "summary": {"covered_lines": 0, "num_statements": 1, "percent_covered": 0.0, "percent_covered_display": "0", "missing_lines": 1, "excluded_lines": 0, "percent_statements_covered": 0.0, "percent_statements_covered_display": "0", "num_branches": 0, "num_partial_branches": 0, "covered_branches": 0, "missing_branches": 0, "percent_branches_covered": 100.0, "percent_branches_covered_display": "100"}, "missing_lines": [106], "excluded_lines": [], "start_line": 105, "executed_branches": [], "missing_branches": []}, "load_csv": {"executed_lines": [], "summary": {"covered_lines": 0, "num_statements": 1, "percent_covered": 0.0, "percent_covered_display": "0", "missing_lines": 1, "excluded_lines": 0, "percent_statements_covered": 0.0, "percent_statements_covered_display": "0", "num_branches": 0, "num_partial_branches": 0, "covered_branches": 0, "missing_branches": 0, "percent_branches_covered": 100.0, "percent_branches_covered_display": "100"}, "missing_lines": [111], "excluded_lines": [], "start_line": 109, "executed_branches": [], "missing_branches": []}, "to_csv": {"executed_lines": [115, 116, 117, 118, 119, 120, 121, 122, 123, 124, 125, 126, 128, 129], "summary": {"covered_lines": 14, "num_statements": 15, "percent_covered": 92.0, "percent_covered_display": "92", "missing_lines": 1, "excluded_lines": 0, "percent_statements_covered": 93.33333333333333, "percent_statements_covered_display": "93", "num_branches": 10, "num_partial_branches": 1, "covered_branches": 9, "missing_branches": 1, "percent_branches_covered": 90.0, "percent_branches_covered_display": "90"}, "missing_lines": [127], "excluded_lines": [], "start_line": 114, "executed_branches": [[118, 119], [118, 129], [121, 122], [121, 128], [122, 123], [122, 124], [124, 125], [124, 126], [126, 121]], "missing_branches": [[126, 127]]}, "": {"executed_lines": [2, 4, 5, 6, 7, 8, 9, 11, 12, 13, 14, 16, 23, 24, 25, 26, 29, 32, 43, 105, 109, 114], "summary": {"covered_lines": 22, "num_statements": 22, "percent_covered": 100.0, "percent_covered_display": "100", "missing_lines": 0, "excluded_lines": 0, "percent_statements_covered": 100.0, "percent_statements_covered_display": "100", "num_branches": 0, "num_partial_branches": 0, "covered_branches": 0, "missing_branches": 0, "percent_branches_covered": 100.0, "percent_branches_covered_display": "100"}, "missing_lines": [], "excluded_lines": [], "start_line": 1, "executed_branches": [], "missing_branches": []}}, "classes": {"CSVAdapter": {"executed_lines": [34, 35, 36, 38, 39, 40, 44, 46, 47, 48, 49, 50, 53, 54, 55, 56, 57, 58, 59, 60, 61, 63, 64, 65, 66, 67, 68, 70, 71, 72, 74, 75, 76, 77, 78, 79, 80, 81, 83, 84, 85, 90, 91, 92, 93, 94, 95, 98, 99, 101, 102, 103], "summary": {"covered_lines": 52, "num_statements": 63, "percent_covered": 82.17821782178218, "percent_covered_display": "82", "missing_lines": 11, "excluded_lines": 0, "percent_statements_covered": 82.53968253968254, "percent_statements_covered_display": "83", "num_branches": 38, "num_partial_branches": 7, "covered_branches": 31, "missing_branches": 7, "percent_branches_covered": 81.57894736842105, "percent_branches_covered_display": "82"}, "missing_lines": [37, 41, 45, 51, 52, 62, 73, 96, 97, 100, 106], "excluded_lines": [], "start_line": 29, "executed_branches": [[34, 35], [34, 36], [36, 38], [40, -32], [44, 46], [54, 55], [54, 56], [56, 57], [56, 58], [60, 61], [60, 103], [61, 63], [63, 64], [63, 65], [66, 67], [66, 84], [67, 68], [67, 72], [68, 70], [68, 71], [72, 74], [74, 75], [74, 78], [75, 76], [75, 77], [78, 79], [78, 83], [79, 80], [79, 81], [92, 93], [99, 60]], "missing_branches": [[36, 37], [40, 41], [44, 45], [61, 62], [72, 73], [92, 94], [99, 100]]}, "": {"executed_lines": [2, 4, 5, 6, 7, 8, 9, 11, 12, 13, 14, 16, 23, 24, 25, 26, 29, 32, 43, 105, 109, 114, 115, 116, 117, 118, 119, 120, 121, 122, 123, 124, 125, 126, 128, 129], "summary": {"covered_lines": 36, "num_statements": 38, "percent_covered": 93.75, "percent_covered_display": "94", "missing_lines": 2, "excluded_lines": 0, "percent_statements_covered": 94.73684210526316, "percent_statements_covered_display": "95", "num_branches": 10, "num_partial_branches": 1, "covered_branches": 9, "missing_branches": 1, "percent_branches_covered": 90.0, "percent_branches_covered_display": "90"}, "missing_lines": [111, 127], "excluded_lines": [], "start_line": 1, "executed_branches": [[118, 119], [118, 129], [121, 122], [121, 128], [122, 123], [122, 124], [124, 125], [124, 126], [126, 121]], "missing_branches": [[126, 127]]}}}, "src/quietcycle/adapters/fhir.py": {"executed_lines": [2, 4, 5, 6, 7, 9, 10, 11, 12, 15, 21, 29, 36, 38, 39, 40, 41, 42, 43, 44, 47, 48, 49, 51, 52, 54, 57, 58, 60, 61, 62, 63, 65, 66, 67, 68, 69, 70, 71, 73, 74, 75, 77, 80, 81, 82, 83, 84, 85, 88, 90, 91, 92, 93, 94, 95, 97, 98, 99, 101, 102, 104, 105, 106, 107, 108, 109, 110, 111, 112, 113, 115, 116, 117, 118, 119, 121, 122, 123, 124, 125, 126, 127, 128, 130, 131, 133, 134, 135, 136, 137, 138, 140, 141, 143, 144, 146, 147, 149, 151, 154, 155], "summary": {"covered_lines": 102, "num_statements": 121, "percent_covered": 81.76795580110497, "percent_covered_display": "82", "missing_lines": 19, "excluded_lines": 0, "percent_statements_covered": 84.29752066115702, "percent_statements_covered_display": "84", "num_branches": 60, "num_partial_branches": 14, "covered_branches": 46, "missing_branches": 14, "percent_branches_covered": 76.66666666666667, "percent_branches_covered_display": "77"}, "missing_lines": [37, 45, 46, 55, 59, 64, 72, 76, 79, 86, 87, 103, 114, 129, 132, 139, 145, 150, 153], "excluded_lines": [], "executed_branches": [[36, 38], [58, 60], [60, 61], [60, 62], [62, 63], [63, 65], [66, 67], [66, 68], [68, 69], [68, 70], [71, 73], [74, 75], [74, 80], [75, 77], [81, 82], [81, 88], [92, 93], [92, 94], [97, 98], [97, 99], [102, 104], [104, 105], [104, 106], [106, 107], [106, 108], [108, 109], [108, 110], [110, 111], [110, 112], [113, 115], [116, 117], [116, 118], [121, 122], [121, 123], [128, 130], [130, 131], [130, 141], [131, 133], [133, 134], [133, 135], [136, 137], [136, 138], [138, 140], [141, 143], [144, 146], [149, 151]], "missing_branches": [[36, 37], [58, 59], [62, 79], [63, 64], [71, 72], [75, 76], [102, 103], [113, 114], [128, 129], [131, 132], [138, 139], [141, 153], [144, 145], [149, 150]], "functions": {"FHIRObservationAdapter.__init__": {"executed_lines": [36, 38, 39, 40, 41, 42, 43, 44, 47, 48, 49], "summary": {"covered_lines": 11, "num_statements": 14, "percent_covered": 75.0, "percent_covered_display": "75", "missing_lines": 3, "excluded_lines": 0, "percent_statements_covered": 78.57142857142857, "percent_statements_covered_display": "79", "num_branches": 2, "num_partial_branches": 1, "covered_branches": 1, "missing_branches": 1, "percent_branches_covered": 50.0, "percent_branches_covered_display": "50"}, "missing_lines": [37, 45, 46], "excluded_lines": [], "start_line": 29, "executed_branches": [[36, 38]], "missing_branches": [[36, 37]]}, "FHIRObservationAdapter.loads": {"executed_lines": [52], "summary": {"covered_lines": 1, "num_statements": 1, "percent_covered": 100.0, "percent_covered_display": "100", "missing_lines": 0, "excluded_lines": 0, "percent_statements_covered": 100.0, "percent_statements_covered_display": "100", "num_branches": 0, "num_partial_branches": 0, "covered_branches": 0, "missing_branches": 0, "percent_branches_covered": 100.0, "percent_branches_covered_display": "100"}, "missing_lines": [], "excluded_lines": [], "start_line": 51, "executed_branches": [], "missing_branches": []}, "FHIRObservationAdapter.load": {"executed_lines": [], "summary": {"covered_lines": 0, "num_statements": 1, "percent_covered": 0.0, "percent_covered_display": "0", "missing_lines": 1, "excluded_lines": 0, "percent_statements_covered": 0.0, "percent_statements_covered_display": "0", "num_branches": 0, "num_partial_branches": 0, "covered_branches": 0, "missing_branches": 0, "percent_branches_covered": 100.0, "percent_branches_covered_display": "100"}, "missing_lines": [55], "excluded_lines": [], "start_line": 54, "executed_branches": [], "missing_branches": []}, "FHIRObservationAdapter.from_mapping": {"executed_lines": [58, 60, 61, 62, 63, 65, 66, 67, 68, 69, 70, 71, 73, 74, 75, 77, 80, 81, 82, 83, 84, 85, 88], "summary": {"covered_lines": 23, "num_statements": 30, "percent_covered": 76.0, "percent_covered_display": "76", "missing_lines": 7, "excluded_lines": 0, "percent_statements_covered": 76.66666666666667, "percent_statements_covered_display": "77", "num_branches": 20, "num_partial_branches": 5, "covered_branches": 15, "missing_branches": 5, "percent_branches_covered": 75.0, "percent_branches_covered_display": "75"}, "missing_lines": [59, 64, 72, 76, 79, 86, 87], "excluded_lines": [], "start_line": 57, "executed_branches": [[58, 60], [60, 61], [60, 62], [62, 63], [63, 65], [66, 67], [66, 68], [68, 69], [68, 70], [71, 73], [74, 75], [74, 80], [75, 77], [81, 82], [81, 88]], "missing_branches": [[58, 59], [62, 79], [63, 64], [71, 72], [75, 76]]}, "FHIRObservationAdapter._coded_field": {"executed_lines": [92, 93, 94, 95, 97, 98, 99], "summary": {"covered_lines": 7, "num_statements": 7, "percent_covered": 100.0, "percent_covered_display": "100", "missing_lines": 0, "excluded_lines": 0, "percent_statements_covered": 100.0, "percent_statements_covered_display": "100", "num_branches": 4, "num_partial_branches": 0, "covered_branches": 4, "missing_branches": 0, "percent_branches_covered": 100.0, "percent_branches_covered_display": "100"}, "missing_lines": [], "excluded_lines": [], "start_line": 91, "executed_branches": [[92, 93], [92, 94], [97, 98], [97, 99]], "missing_branches": []}, "FHIRObservationAdapter._observation": {"executed_lines": [102, 104, 105, 106, 107, 108, 109, 110, 111, 112, 113, 115, 116, 117, 118, 119, 121, 122, 123, 124, 125, 126, 127, 128, 130, 131, 133, 134, 135, 136, 137, 138, 140, 141, 143, 144, 146, 147, 149, 151, 154, 155], "summary": {"covered_lines": 42, "num_statements": 50, "percent_covered": 80.95238095238095, "percent_covered_display": "81", "missing_lines": 8, "excluded_lines": 0, "percent_statements_covered": 84.0, "percent_statements_covered_display": "84", "num_branches": 34, "num_partial_branches": 8, "covered_branches": 26, "missing_branches": 8, "percent_branches_covered": 76.47058823529412, "percent_branches_covered_display": "76"}, "missing_lines": [103, 114, 129, 132, 139, 145, 150, 153], "excluded_lines": [], "start_line": 101, "executed_branches": [[102, 104], [104, 105], [104, 106], [106, 107], [106, 108], [108, 109], [108, 110], [110, 111], [110, 112], [113, 115], [116, 117], [116, 118], [121, 122], [121, 123], [128, 130], [130, 131], [130, 141], [131, 133], [133, 134], [133, 135], [136, 137], [136, 138], [138, 140], [141, 143], [144, 146], [149, 151]], "missing_branches": [[102, 103], [113, 114], [128, 129], [131, 132], [138, 139], [141, 153], [144, 145], [149, 150]]}, "": {"executed_lines": [2, 4, 5, 6, 7, 9, 10, 11, 12, 15, 21, 29, 51, 54, 57, 90, 91, 101], "summary": {"covered_lines": 18, "num_statements": 18, "percent_covered": 100.0, "percent_covered_display": "100", "missing_lines": 0, "excluded_lines": 0, "percent_statements_covered": 100.0, "percent_statements_covered_display": "100", "num_branches": 0, "num_partial_branches": 0, "covered_branches": 0, "missing_branches": 0, "percent_branches_covered": 100.0, "percent_branches_covered_display": "100"}, "missing_lines": [], "excluded_lines": [], "start_line": 1, "executed_branches": [], "missing_branches": []}}, "classes": {"FHIRObservationAdapter": {"executed_lines": [36, 38, 39, 40, 41, 42, 43, 44, 47, 48, 49, 52, 58, 60, 61, 62, 63, 65, 66, 67, 68, 69, 70, 71, 73, 74, 75, 77, 80, 81, 82, 83, 84, 85, 88, 92, 93, 94, 95, 97, 98, 99, 102, 104, 105, 106, 107, 108, 109, 110, 111, 112, 113, 115, 116, 117, 118, 119, 121, 122, 123, 124, 125, 126, 127, 128, 130, 131, 133, 134, 135, 136, 137, 138, 140, 141, 143, 144, 146, 147, 149, 151, 154, 155], "summary": {"covered_lines": 84, "num_statements": 103, "percent_covered": 79.75460122699387, "percent_covered_display": "80", "missing_lines": 19, "excluded_lines": 0, "percent_statements_covered": 81.55339805825243, "percent_statements_covered_display": "82", "num_branches": 60, "num_partial_branches": 14, "covered_branches": 46, "missing_branches": 14, "percent_branches_covered": 76.66666666666667, "percent_branches_covered_display": "77"}, "missing_lines": [37, 45, 46, 55, 59, 64, 72, 76, 79, 86, 87, 103, 114, 129, 132, 139, 145, 150, 153], "excluded_lines": [], "start_line": 21, "executed_branches": [[36, 38], [58, 60], [60, 61], [60, 62], [62, 63], [63, 65], [66, 67], [66, 68], [68, 69], [68, 70], [71, 73], [74, 75], [74, 80], [75, 77], [81, 82], [81, 88], [92, 93], [92, 94], [97, 98], [97, 99], [102, 104], [104, 105], [104, 106], [106, 107], [106, 108], [108, 109], [108, 110], [110, 111], [110, 112], [113, 115], [116, 117], [116, 118], [121, 122], [121, 123], [128, 130], [130, 131], [130, 141], [131, 133], [133, 134], [133, 135], [136, 137], [136, 138], [138, 140], [141, 143], [144, 146], [149, 151]], "missing_branches": [[36, 37], [58, 59], [62, 79], [63, 64], [71, 72], [75, 76], [102, 103], [113, 114], [128, 129], [131, 132], [138, 139], [141, 153], [144, 145], [149, 150]]}, "": {"executed_lines": [2, 4, 5, 6, 7, 9, 10, 11, 12, 15, 21, 29, 51, 54, 57, 90, 91, 101], "summary": {"covered_lines": 18, "num_statements": 18, "percent_covered": 100.0, "percent_covered_display": "100", "missing_lines": 0, "excluded_lines": 0, "percent_statements_covered": 100.0, "percent_statements_covered_display": "100", "num_branches": 0, "num_partial_branches": 0, "covered_branches": 0, "missing_branches": 0, "percent_branches_covered": 100.0, "percent_branches_covered_display": "100"}, "missing_lines": [], "excluded_lines": [], "start_line": 1, "executed_branches": [], "missing_branches": []}}}, "src/quietcycle/adapters/legacy.py": {"executed_lines": [2, 4, 5, 7, 8, 9, 10, 12, 19, 22, 23, 25, 27, 28, 30, 31, 32, 34, 35, 38, 39, 40, 41, 42], "summary": {"covered_lines": 24, "num_statements": 30, "percent_covered": 73.80952380952381, "percent_covered_display": "74", "missing_lines": 6, "excluded_lines": 0, "percent_statements_covered": 80.0, "percent_statements_covered_display": "80", "num_branches": 12, "num_partial_branches": 5, "covered_branches": 7, "missing_branches": 5, "percent_branches_covered": 58.333333333333336, "percent_branches_covered_display": "58"}, "missing_lines": [24, 26, 29, 33, 36, 37], "excluded_lines": [], "executed_branches": [[23, 25], [25, 27], [28, 30], [31, 32], [31, 41], [32, 34], [35, 38]], "missing_branches": [[23, 24], [25, 26], [28, 29], [32, 33], [35, 36]], "functions": {"from_v1": {"executed_lines": [22, 23, 25, 27, 28, 30, 31, 32, 34, 35, 38, 39, 40, 41, 42], "summary": {"covered_lines": 15, "num_statements": 21, "percent_covered": 66.66666666666667, "percent_covered_display": "67", "missing_lines": 6, "excluded_lines": 0, "percent_statements_covered": 71.42857142857143, "percent_statements_covered_display": "71", "num_branches": 12, "num_partial_branches": 5, "covered_branches": 7, "missing_branches": 5, "percent_branches_covered": 58.333333333333336, "percent_branches_covered_display": "58"}, "missing_lines": [24, 26, 29, 33, 36, 37], "excluded_lines": [], "start_line": 19, "executed_branches": [[23, 25], [25, 27], [28, 30], [31, 32], [31, 41], [32, 34], [35, 38]], "missing_branches": [[23, 24], [25, 26], [28, 29], [32, 33], [35, 36]]}, "": {"executed_lines": [2, 4, 5, 7, 8, 9, 10, 12, 19], "summary": {"covered_lines": 9, "num_statements": 9, "percent_covered": 100.0, "percent_covered_display": "100", "missing_lines": 0, "excluded_lines": 0, "percent_statements_covered": 100.0, "percent_statements_covered_display": "100", "num_branches": 0, "num_partial_branches": 0, "covered_branches": 0, "missing_branches": 0, "percent_branches_covered": 100.0, "percent_branches_covered_display": "100"}, "missing_lines": [], "excluded_lines": [], "start_line": 1, "executed_branches": [], "missing_branches": []}}, "classes": {"": {"executed_lines": [2, 4, 5, 7, 8, 9, 10, 12, 19, 22, 23, 25, 27, 28, 30, 31, 32, 34, 35, 38, 39, 40, 41, 42], "summary": {"covered_lines": 24, "num_statements": 30, "percent_covered": 73.80952380952381, "percent_covered_display": "74", "missing_lines": 6, "excluded_lines": 0, "percent_statements_covered": 80.0, "percent_statements_covered_display": "80", "num_branches": 12, "num_partial_branches": 5, "covered_branches": 7, "missing_branches": 5, "percent_branches_covered": 58.333333333333336, "percent_branches_covered_display": "58"}, "missing_lines": [24, 26, 29, 33, 36, 37], "excluded_lines": [], "start_line": 1, "executed_branches": [[23, 25], [25, 27], [28, 30], [31, 32], [31, 41], [32, 34], [35, 38]], "missing_branches": [[23, 24], [25, 26], [28, 29], [32, 33], [35, 36]]}}}, "src/quietcycle/adapters/records.py": {"executed_lines": [2, 4, 5, 6, 8, 10, 11, 12, 15, 17, 18, 19, 21, 23, 24, 25, 26, 27, 30, 31, 34, 38, 39, 41, 43, 44, 45, 46, 47, 48, 50, 51, 52, 53, 55, 58, 62, 63], "summary": {"covered_lines": 38, "num_statements": 45, "percent_covered": 80.32786885245902, "percent_covered_display": "80", "missing_lines": 7, "excluded_lines": 0, "percent_statements_covered": 84.44444444444444, "percent_statements_covered_display": "84", "num_branches": 16, "num_partial_branches": 5, "covered_branches": 11, "missing_branches": 5, "percent_branches_covered": 68.75, "percent_branches_covered_display": "69"}, "missing_lines": [20, 22, 35, 42, 49, 54, 59], "excluded_lines": [], "executed_branches": [[18, 19], [18, 27], [19, 21], [21, 23], [41, 43], [43, 44], [43, 55], [44, 45], [44, 46], [48, 50], [53, 43]], "missing_branches": [[19, 20], [21, 22], [41, 42], [48, 49], [53, 54]], "functions": {"from_records": {"executed_lines": [17, 18, 19, 21, 23, 24, 25, 26, 27], "summary": {"covered_lines": 9, "num_statements": 11, "percent_covered": 76.47058823529412, "percent_covered_display": "76", "missing_lines": 2, "excluded_lines": 0, "percent_statements_covered": 81.81818181818181, "percent_statements_covered_display": "82", "num_branches": 6, "num_partial_branches": 2, "covered_branches": 4, "missing_branches": 2, "percent_branches_covered": 66.66666666666667, "percent_branches_covered_display": "67"}, "missing_lines": [20, 22], "excluded_lines": [], "start_line": 15, "executed_branches": [[18, 19], [18, 27], [19, 21], [21, 23]], "missing_branches": [[19, 20], [21, 22]]}, "from_json": {"executed_lines": [31], "summary": {"covered_lines": 1, "num_statements": 1, "percent_covered": 100.0, "percent_covered_display": "100", "missing_lines": 0, "excluded_lines": 0, "percent_statements_covered": 100.0, "percent_statements_covered_display": "100", "num_branches": 0, "num_partial_branches": 0, "covered_branches": 0, "missing_branches": 0, "percent_branches_covered": 100.0, "percent_branches_covered_display": "100"}, "missing_lines": [], "excluded_lines": [], "start_line": 30, "executed_branches": [], "missing_branches": []}, "load_json": {"executed_lines": [], "summary": {"covered_lines": 0, "num_statements": 1, "percent_covered": 0.0, "percent_covered_display": "0", "missing_lines": 1, "excluded_lines": 0, "percent_statements_covered": 0.0, "percent_statements_covered_display": "0", "num_branches": 0, "num_partial_branches": 0, "covered_branches": 0, "missing_branches": 0, "percent_branches_covered": 100.0, "percent_branches_covered_display": "100"}, "missing_lines": [35], "excluded_lines": [], "start_line": 34, "executed_branches": [], "missing_branches": []}, "from_jsonl": {"executed_lines": [39, 41, 43, 44, 45, 46, 47, 48, 50, 51, 52, 53, 55], "summary": {"covered_lines": 13, "num_statements": 16, "percent_covered": 76.92307692307692, "percent_covered_display": "77", "missing_lines": 3, "excluded_lines": 0, "percent_statements_covered": 81.25, "percent_statements_covered_display": "81", "num_branches": 10, "num_partial_branches": 3, "covered_branches": 7, "missing_branches": 3, "percent_branches_covered": 70.0, "percent_branches_covered_display": "70"}, "missing_lines": [42, 49, 54], "excluded_lines": [], "start_line": 38, "executed_branches": [[41, 43], [43, 44], [43, 55], [44, 45], [44, 46], [48, 50], [53, 43]], "missing_branches": [[41, 42], [48, 49], [53, 54]]}, "load_jsonl": {"executed_lines": [], "summary": {"covered_lines": 0, "num_statements": 1, "percent_covered": 0.0, "percent_covered_display": "0", "missing_lines": 1, "excluded_lines": 0, "percent_statements_covered": 0.0, "percent_statements_covered_display": "0", "num_branches": 0, "num_partial_branches": 0, "covered_branches": 0, "missing_branches": 0, "percent_branches_covered": 100.0, "percent_branches_covered_display": "100"}, "missing_lines": [59], "excluded_lines": [], "start_line": 58, "executed_branches": [], "missing_branches": []}, "to_jsonl": {"executed_lines": [63], "summary": {"covered_lines": 1, "num_statements": 1, "percent_covered": 100.0, "percent_covered_display": "100", "missing_lines": 0, "excluded_lines": 0, "percent_statements_covered": 100.0, "percent_statements_covered_display": "100", "num_branches": 0, "num_partial_branches": 0, "covered_branches": 0, "missing_branches": 0, "percent_branches_covered": 100.0, "percent_branches_covered_display": "100"}, "missing_lines": [], "excluded_lines": [], "start_line": 62, "executed_branches": [], "missing_branches": []}, "": {"executed_lines": [2, 4, 5, 6, 8, 10, 11, 12, 15, 30, 34, 38, 58, 62], "summary": {"covered_lines": 14, "num_statements": 14, "percent_covered": 100.0, "percent_covered_display": "100", "missing_lines": 0, "excluded_lines": 0, "percent_statements_covered": 100.0, "percent_statements_covered_display": "100", "num_branches": 0, "num_partial_branches": 0, "covered_branches": 0, "missing_branches": 0, "percent_branches_covered": 100.0, "percent_branches_covered_display": "100"}, "missing_lines": [], "excluded_lines": [], "start_line": 1, "executed_branches": [], "missing_branches": []}}, "classes": {"": {"executed_lines": [2, 4, 5, 6, 8, 10, 11, 12, 15, 17, 18, 19, 21, 23, 24, 25, 26, 27, 30, 31, 34, 38, 39, 41, 43, 44, 45, 46, 47, 48, 50, 51, 52, 53, 55, 58, 62, 63], "summary": {"covered_lines": 38, "num_statements": 45, "percent_covered": 80.32786885245902, "percent_covered_display": "80", "missing_lines": 7, "excluded_lines": 0, "percent_statements_covered": 84.44444444444444, "percent_statements_covered_display": "84", "num_branches": 16, "num_partial_branches": 5, "covered_branches": 11, "missing_branches": 5, "percent_branches_covered": 68.75, "percent_branches_covered_display": "69"}, "missing_lines": [20, 22, 35, 42, 49, 54, 59], "excluded_lines": [], "start_line": 1, "executed_branches": [[18, 19], [18, 27], [19, 21], [21, 23], [41, 43], [43, 44], [43, 55], [44, 45], [44, 46], [48, 50], [53, 43]], "missing_branches": [[19, 20], [21, 22], [41, 42], [48, 49], [53, 54]]}}}, "src/quietcycle/api.py": {"executed_lines": [6, 8, 10, 12, 13, 14, 16, 17, 18, 19, 22, 23, 25, 26, 27, 28, 29, 30, 31, 34, 35, 36, 37, 38, 39, 41, 42, 43, 44, 46, 47, 51, 52, 53, 55, 56, 58, 59, 60, 62, 63, 64, 67, 69, 70, 73, 74, 75, 76, 77, 78, 79, 81, 82, 83, 85, 87, 88, 89, 91, 92, 94, 95, 96, 98], "summary": {"covered_lines": 65, "num_statements": 70, "percent_covered": 90.69767441860465, "percent_covered_display": "91", "missing_lines": 5, "excluded_lines": 0, "percent_statements_covered": 92.85714285714286, "percent_statements_covered_display": "93", "num_branches": 16, "num_partial_branches": 3, "covered_branches": 13, "missing_branches": 3, "percent_branches_covered": 81.25, "percent_branches_covered_display": "81"}, "missing_lines": [48, 61, 65, 66, 90], "excluded_lines": [], "executed_branches": [[26, 27], [52, 53], [52, 55], [55, 56], [55, 58], [59, 60], [59, 63], [60, 62], [76, 77], [76, 78], [81, 82], [81, 94], [89, 91]], "missing_branches": [[26, 31], [60, 61], [89, 90]], "functions": {"_ContractApp.openapi": {"executed_lines": [26, 27, 28, 29, 30, 31], "summary": {"covered_lines": 6, "num_statements": 6, "percent_covered": 87.5, "percent_covered_display": "88", "missing_lines": 0, "excluded_lines": 0, "percent_statements_covered": 100.0, "percent_statements_covered_display": "100", "num_branches": 2, "num_partial_branches": 1, "covered_branches": 1, "missing_branches": 1, "percent_branches_covered": 50.0, "percent_branches_covered_display": "50"}, "missing_lines": [], "excluded_lines": [], "start_line": 25, "executed_branches": [[26, 27]], "missing_branches": [[26, 31]]}, "create_app": {"executed_lines": [35, 36, 37, 38, 39, 41, 42, 46, 47, 51, 69, 70, 73, 74, 81, 82, 83, 85, 87, 94, 95, 98], "summary": {"covered_lines": 22, "num_statements": 22, "percent_covered": 100.0, "percent_covered_display": "100", "missing_lines": 0, "excluded_lines": 0, "percent_statements_covered": 100.0, "percent_statements_covered_display": "100", "num_branches": 2, "num_partial_branches": 0, "covered_branches": 2, "missing_branches": 0, "percent_branches_covered": 100.0, "percent_branches_covered_display": "100"}, "missing_lines": [], "excluded_lines": [], "start_line": 34, "executed_branches": [[81, 82], [81, 94]], "missing_branches": []}, "create_app.input_error": {"executed_lines": [43, 44], "summary": {"covered_lines": 2, "num_statements": 2, "percent_covered": 100.0, "percent_covered_display": "100", "missing_lines": 0, "excluded_lines": 0, "percent_statements_covered": 100.0, "percent_statements_covered_display": "100", "num_branches": 0, "num_partial_branches": 0, "covered_branches": 0, "missing_branches": 0, "percent_branches_covered": 100.0, "percent_branches_covered_display": "100"}, "missing_lines": [], "excluded_lines": [], "start_line": 42, "executed_branches": [], "missing_branches": []}, "create_app.model_error": {"executed_lines": [], "summary": {"covered_lines": 0, "num_statements": 1, "percent_covered": 0.0, "percent_covered_display": "0", "missing_lines": 1, "excluded_lines": 0, "percent_statements_covered": 0.0, "percent_statements_covered_display": "0", "num_branches": 0, "num_partial_branches": 0, "covered_branches": 0, "missing_branches": 0, "percent_branches_covered": 100.0, "percent_branches_covered_display": "100"}, "missing_lines": [48], "excluded_lines": [], "start_line": 47, "executed_branches": [], "missing_branches": []}, "create_app.read_request": {"executed_lines": [52, 53, 55, 56, 58, 59, 60, 62, 63, 64, 67], "summary": {"covered_lines": 11, "num_statements": 14, "percent_covered": 81.81818181818181, "percent_covered_display": "82", "missing_lines": 3, "excluded_lines": 0, "percent_statements_covered": 78.57142857142857, "percent_statements_covered_display": "79", "num_branches": 8, "num_partial_branches": 1, "covered_branches": 7, "missing_branches": 1, "percent_branches_covered": 87.5, "percent_branches_covered_display": "88"}, "missing_lines": [61, 65, 66], "excluded_lines": [], "start_line": 51, "executed_branches": [[52, 53], [52, 55], [55, 56], [55, 58], [59, 60], [59, 63], [60, 62]], "missing_branches": [[60, 61]]}, "create_app.predict": {"executed_lines": [75, 76, 77, 78, 79], "summary": {"covered_lines": 5, "num_statements": 5, "percent_covered": 100.0, "percent_covered_display": "100", "missing_lines": 0, "excluded_lines": 0, "percent_statements_covered": 100.0, "percent_statements_covered_display": "100", "num_branches": 2, "num_partial_branches": 0, "covered_branches": 2, "missing_branches": 0, "percent_branches_covered": 100.0, "percent_branches_covered_display": "100"}, "missing_lines": [], "excluded_lines": [], "start_line": 74, "executed_branches": [[76, 77], [76, 78]], "missing_branches": []}, "create_app.forecast": {"executed_lines": [88, 89, 91, 92], "summary": {"covered_lines": 4, "num_statements": 5, "percent_covered": 71.42857142857143, "percent_covered_display": "71", "missing_lines": 1, "excluded_lines": 0, "percent_statements_covered": 80.0, "percent_statements_covered_display": "80", "num_branches": 2, "num_partial_branches": 1, "covered_branches": 1, "missing_branches": 1, "percent_branches_covered": 50.0, "percent_branches_covered_display": "50"}, "missing_lines": [90], "excluded_lines": [], "start_line": 87, "executed_branches": [[89, 91]], "missing_branches": [[89, 90]]}, "create_app.health": {"executed_lines": [96], "summary": {"covered_lines": 1, "num_statements": 1, "percent_covered": 100.0, "percent_covered_display": "100", "missing_lines": 0, "excluded_lines": 0, "percent_statements_covered": 100.0, "percent_statements_covered_display": "100", "num_branches": 0, "num_partial_branches": 0, "covered_branches": 0, "missing_branches": 0, "percent_branches_covered": 100.0, "percent_branches_covered_display": "100"}, "missing_lines": [], "excluded_lines": [], "start_line": 95, "executed_branches": [], "missing_branches": []}, "": {"executed_lines": [6, 8, 10, 12, 13, 14, 16, 17, 18, 19, 22, 23, 25, 34], "summary": {"covered_lines": 14, "num_statements": 14, "percent_covered": 100.0, "percent_covered_display": "100", "missing_lines": 0, "excluded_lines": 0, "percent_statements_covered": 100.0, "percent_statements_covered_display": "100", "num_branches": 0, "num_partial_branches": 0, "covered_branches": 0, "missing_branches": 0, "percent_branches_covered": 100.0, "percent_branches_covered_display": "100"}, "missing_lines": [], "excluded_lines": [], "start_line": 1, "executed_branches": [], "missing_branches": []}}, "classes": {"_ContractApp": {"executed_lines": [26, 27, 28, 29, 30, 31], "summary": {"covered_lines": 6, "num_statements": 6, "percent_covered": 87.5, "percent_covered_display": "88", "missing_lines": 0, "excluded_lines": 0, "percent_statements_covered": 100.0, "percent_statements_covered_display": "100", "num_branches": 2, "num_partial_branches": 1, "covered_branches": 1, "missing_branches": 1, "percent_branches_covered": 50.0, "percent_branches_covered_display": "50"}, "missing_lines": [], "excluded_lines": [], "start_line": 22, "executed_branches": [[26, 27]], "missing_branches": [[26, 31]]}, "": {"executed_lines": [6, 8, 10, 12, 13, 14, 16, 17, 18, 19, 22, 23, 25, 34, 35, 36, 37, 38, 39, 41, 42, 43, 44, 46, 47, 51, 52, 53, 55, 56, 58, 59, 60, 62, 63, 64, 67, 69, 70, 73, 74, 75, 76, 77, 78, 79, 81, 82, 83, 85, 87, 88, 89, 91, 92, 94, 95, 96, 98], "summary": {"covered_lines": 59, "num_statements": 64, "percent_covered": 91.02564102564102, "percent_covered_display": "91", "missing_lines": 5, "excluded_lines": 0, "percent_statements_covered": 92.1875, "percent_statements_covered_display": "92", "num_branches": 14, "num_partial_branches": 2, "covered_branches": 12, "missing_branches": 2, "percent_branches_covered": 85.71428571428571, "percent_branches_covered_display": "86"}, "missing_lines": [48, 61, 65, 66, 90], "excluded_lines": [], "start_line": 1, "executed_branches": [[52, 53], [52, 55], [55, 56], [55, 58], [59, 60], [59, 63], [60, 62], [76, 77], [76, 78], [81, 82], [81, 94], [89, 91]], "missing_branches": [[60, 61], [89, 90]]}}}, "src/quietcycle/cli.py": {"executed_lines": [2, 4, 5, 6, 7, 9, 11, 12, 13, 14, 15, 18, 19, 20, 21, 22, 24, 27, 28, 29, 31, 32, 33, 34, 35, 37, 47, 48, 49, 50, 51, 52, 53, 54, 55, 56, 57, 58, 59, 60, 61, 62, 63, 64, 65, 66, 67, 68, 69, 70, 71, 72, 73, 74, 75, 76, 77, 78, 79, 80, 81, 82, 84, 98, 99, 100, 101, 102, 103, 104, 105, 107, 108, 109, 110, 111, 113, 114, 115, 116, 117, 126], "summary": {"covered_lines": 82, "num_statements": 109, "percent_covered": 71.89542483660131, "percent_covered_display": "72", "missing_lines": 27, "excluded_lines": 0, "percent_statements_covered": 75.22935779816514, "percent_statements_covered_display": "75", "num_branches": 44, "num_partial_branches": 6, "covered_branches": 28, "missing_branches": 16, "percent_branches_covered": 63.63636363636363, "percent_branches_covered_display": "64"}, "missing_lines": [23, 30, 36, 38, 39, 40, 41, 42, 43, 85, 86, 87, 89, 90, 91, 92, 94, 95, 96, 97, 118, 119, 120, 121, 122, 123, 127], "excluded_lines": [], "executed_branches": [[19, 20], [19, 21], [22, 24], [29, 31], [31, 32], [31, 33], [33, 34], [35, 37], [51, 52], [51, 55], [55, 56], [55, 67], [65, 55], [65, 66], [67, 68], [67, 73], [71, 67], [71, 72], [84, 98], [98, 99], [98, 100], [100, 101], [100, 104], [104, 105], [104, 107], [110, 111], [110, 113], [126, -1]], "missing_branches": [[22, 23], [29, 30], [33, 38], [35, 36], [38, 39], [38, 40], [41, 42], [41, 43], [84, 85], [86, 87], [86, 89], [90, 91], [90, 94], [95, 96], [95, 97], [126, 127]], "functions": {"_read": {"executed_lines": [19, 20, 21, 22, 24], "summary": {"covered_lines": 5, "num_statements": 6, "percent_covered": 80.0, "percent_covered_display": "80", "missing_lines": 1, "excluded_lines": 0, "percent_statements_covered": 83.33333333333333, "percent_statements_covered_display": "83", "num_branches": 4, "num_partial_branches": 1, "covered_branches": 3, "missing_branches": 1, "percent_branches_covered": 75.0, "percent_branches_covered_display": "75"}, "missing_lines": [23], "excluded_lines": [], "start_line": 18, "executed_branches": [[19, 20], [19, 21], [22, 24]], "missing_branches": [[22, 23]]}, "_dataset": {"executed_lines": [28, 29, 31, 32, 33, 34, 35, 37], "summary": {"covered_lines": 8, "num_statements": 16, "percent_covered": 46.42857142857143, "percent_covered_display": "46", "missing_lines": 8, "excluded_lines": 0, "percent_statements_covered": 50.0, "percent_statements_covered_display": "50", "num_branches": 12, "num_partial_branches": 3, "covered_branches": 5, "missing_branches": 7, "percent_branches_covered": 41.666666666666664, "percent_branches_covered_display": "42"}, "missing_lines": [30, 36, 38, 39, 40, 41, 42, 43], "excluded_lines": [], "start_line": 27, "executed_branches": [[29, 31], [31, 32], [31, 33], [33, 34], [35, 37]], "missing_branches": [[29, 30], [33, 38], [35, 36], [38, 39], [38, 40], [41, 42], [41, 43]]}, "main": {"executed_lines": [48, 49, 50, 51, 52, 53, 54, 55, 56, 57, 58, 59, 60, 61, 62, 63, 64, 65, 66, 67, 68, 69, 70, 71, 72, 73, 74, 75, 76, 77, 78, 79, 80, 81, 82, 84, 98, 99, 100, 101, 102, 103, 104, 105, 107, 108, 109, 110, 111, 113, 114, 115, 116, 117], "summary": {"covered_lines": 54, "num_statements": 71, "percent_covered": 75.25773195876289, "percent_covered_display": "75", "missing_lines": 17, "excluded_lines": 0, "percent_statements_covered": 76.05633802816901, "percent_statements_covered_display": "76", "num_branches": 26, "num_partial_branches": 1, "covered_branches": 19, "missing_branches": 7, "percent_branches_covered": 73.07692307692308, "percent_branches_covered_display": "73"}, "missing_lines": [85, 86, 87, 89, 90, 91, 92, 94, 95, 96, 97, 118, 119, 120, 121, 122, 123], "excluded_lines": [], "start_line": 47, "executed_branches": [[51, 52], [51, 55], [55, 56], [55, 67], [65, 55], [65, 66], [67, 68], [67, 73], [71, 67], [71, 72], [84, 98], [98, 99], [98, 100], [100, 101], [100, 104], [104, 105], [104, 107], [110, 111], [110, 113]], "missing_branches": [[84, 85], [86, 87], [86, 89], [90, 91], [90, 94], [95, 96], [95, 97]]}, "": {"executed_lines": [2, 4, 5, 6, 7, 9, 11, 12, 13, 14, 15, 18, 27, 47, 126], "summary": {"covered_lines": 15, "num_statements": 16, "percent_covered": 88.88888888888889, "percent_covered_display": "89", "missing_lines": 1, "excluded_lines": 0, "percent_statements_covered": 93.75, "percent_statements_covered_display": "94", "num_branches": 2, "num_partial_branches": 1, "covered_branches": 1, "missing_branches": 1, "percent_branches_covered": 50.0, "percent_branches_covered_display": "50"}, "missing_lines": [127], "excluded_lines": [], "start_line": 1, "executed_branches": [[126, -1]], "missing_branches": [[126, 127]]}}, "classes": {"": {"executed_lines": [2, 4, 5, 6, 7, 9, 11, 12, 13, 14, 15, 18, 19, 20, 21, 22, 24, 27, 28, 29, 31, 32, 33, 34, 35, 37, 47, 48, 49, 50, 51, 52, 53, 54, 55, 56, 57, 58, 59, 60, 61, 62, 63, 64, 65, 66, 67, 68, 69, 70, 71, 72, 73, 74, 75, 76, 77, 78, 79, 80, 81, 82, 84, 98, 99, 100, 101, 102, 103, 104, 105, 107, 108, 109, 110, 111, 113, 114, 115, 116, 117, 126], "summary": {"covered_lines": 82, "num_statements": 109, "percent_covered": 71.89542483660131, "percent_covered_display": "72", "missing_lines": 27, "excluded_lines": 0, "percent_statements_covered": 75.22935779816514, "percent_statements_covered_display": "75", "num_branches": 44, "num_partial_branches": 6, "covered_branches": 28, "missing_branches": 16, "percent_branches_covered": 63.63636363636363, "percent_branches_covered_display": "64"}, "missing_lines": [23, 30, 36, 38, 39, 40, 41, 42, 43, 85, 86, 87, 89, 90, 91, 92, 94, 95, 96, 97, 118, 119, 120, 121, 122, 123, 127], "excluded_lines": [], "start_line": 1, "executed_branches": [[19, 20], [19, 21], [22, 24], [29, 31], [31, 32], [31, 33], [33, 34], [35, 37], [51, 52], [51, 55], [55, 56], [55, 67], [65, 55], [65, 66], [67, 68], [67, 73], [71, 67], [71, 72], [84, 98], [98, 99], [98, 100], [100, 101], [100, 104], [104, 105], [104, 107], [110, 111], [110, 113], [126, -1]], "missing_branches": [[22, 23], [29, 30], [33, 38], [35, 36], [38, 39], [38, 40], [41, 42], [41, 43], [84, 85], [86, 87], [86, 89], [90, 91], [90, 94], [95, 96], [95, 97], [126, 127]]}}}, "src/quietcycle/dates.py": {"executed_lines": [2, 4, 5, 7, 8, 9, 10, 13, 14, 15, 16, 17, 18, 19, 22, 24, 25, 26, 27, 28, 29, 30, 31, 32, 33, 34, 35, 38, 39, 41, 42, 45, 46, 48, 51, 52], "summary": {"covered_lines": 36, "num_statements": 38, "percent_covered": 92.5925925925926, "percent_covered_display": "93", "missing_lines": 2, "excluded_lines": 0, "percent_statements_covered": 94.73684210526316, "percent_statements_covered_display": "95", "num_branches": 16, "num_partial_branches": 2, "covered_branches": 14, "missing_branches": 2, "percent_branches_covered": 87.5, "percent_branches_covered_display": "88"}, "missing_lines": [40, 47], "excluded_lines": [], "executed_branches": [[14, 15], [14, 16], [17, 18], [17, 19], [24, 25], [24, 26], [27, 28], [27, 29], [29, 30], [29, 33], [31, 32], [31, 33], [39, 41], [46, 48]], "missing_branches": [[39, 40], [46, 47]], "functions": {"civil": {"executed_lines": [14, 15, 16, 17, 18, 19], "summary": {"covered_lines": 6, "num_statements": 6, "percent_covered": 100.0, "percent_covered_display": "100", "missing_lines": 0, "excluded_lines": 0, "percent_statements_covered": 100.0, "percent_statements_covered_display": "100", "num_branches": 4, "num_partial_branches": 0, "covered_branches": 4, "missing_branches": 0, "percent_branches_covered": 100.0, "percent_branches_covered_display": "100"}, "missing_lines": [], "excluded_lines": [], "start_line": 13, "executed_branches": [[14, 15], [14, 16], [17, 18], [17, 19]], "missing_branches": []}, "instant": {"executed_lines": [24, 25, 26, 27, 28, 29, 30, 31, 32, 33, 34, 35], "summary": {"covered_lines": 12, "num_statements": 12, "percent_covered": 100.0, "percent_covered_display": "100", "missing_lines": 0, "excluded_lines": 0, "percent_statements_covered": 100.0, "percent_statements_covered_display": "100", "num_branches": 8, "num_partial_branches": 0, "covered_branches": 8, "missing_branches": 0, "percent_branches_covered": 100.0, "percent_branches_covered_display": "100"}, "missing_lines": [], "excluded_lines": [], "start_line": 22, "executed_branches": [[24, 25], [24, 26], [27, 28], [27, 29], [29, 30], [29, 33], [31, 32], [31, 33]], "missing_branches": []}, "local_day": {"executed_lines": [39, 41, 42], "summary": {"covered_lines": 3, "num_statements": 4, "percent_covered": 66.66666666666667, "percent_covered_display": "67", "missing_lines": 1, "excluded_lines": 0, "percent_statements_covered": 75.0, "percent_statements_covered_display": "75", "num_branches": 2, "num_partial_branches": 1, "covered_branches": 1, "missing_branches": 1, "percent_branches_covered": 50.0, "percent_branches_covered_display": "50"}, "missing_lines": [40], "excluded_lines": [], "start_line": 38, "executed_branches": [[39, 41]], "missing_branches": [[39, 40]]}, "add_days": {"executed_lines": [46, 48], "summary": {"covered_lines": 2, "num_statements": 3, "percent_covered": 60.0, "percent_covered_display": "60", "missing_lines": 1, "excluded_lines": 0, "percent_statements_covered": 66.66666666666667, "percent_statements_covered_display": "67", "num_branches": 2, "num_partial_branches": 1, "covered_branches": 1, "missing_branches": 1, "percent_branches_covered": 50.0, "percent_branches_covered_display": "50"}, "missing_lines": [47], "excluded_lines": [], "start_line": 45, "executed_branches": [[46, 48]], "missing_branches": [[46, 47]]}, "day_difference": {"executed_lines": [52], "summary": {"covered_lines": 1, "num_statements": 1, "percent_covered": 100.0, "percent_covered_display": "100", "missing_lines": 0, "excluded_lines": 0, "percent_statements_covered": 100.0, "percent_statements_covered_display": "100", "num_branches": 0, "num_partial_branches": 0, "covered_branches": 0, "missing_branches": 0, "percent_branches_covered": 100.0, "percent_branches_covered_display": "100"}, "missing_lines": [], "excluded_lines": [], "start_line": 51, "executed_branches": [], "missing_branches": []}, "": {"executed_lines": [2, 4, 5, 7, 8, 9, 10, 13, 22, 38, 45, 51], "summary": {"covered_lines": 12, "num_statements": 12, "percent_covered": 100.0, "percent_covered_display": "100", "missing_lines": 0, "excluded_lines": 0, "percent_statements_covered": 100.0, "percent_statements_covered_display": "100", "num_branches": 0, "num_partial_branches": 0, "covered_branches": 0, "missing_branches": 0, "percent_branches_covered": 100.0, "percent_branches_covered_display": "100"}, "missing_lines": [], "excluded_lines": [], "start_line": 1, "executed_branches": [], "missing_branches": []}}, "classes": {"": {"executed_lines": [2, 4, 5, 7, 8, 9, 10, 13, 14, 15, 16, 17, 18, 19, 22, 24, 25, 26, 27, 28, 29, 30, 31, 32, 33, 34, 35, 38, 39, 41, 42, 45, 46, 48, 51, 52], "summary": {"covered_lines": 36, "num_statements": 38, "percent_covered": 92.5925925925926, "percent_covered_display": "93", "missing_lines": 2, "excluded_lines": 0, "percent_statements_covered": 94.73684210526316, "percent_statements_covered_display": "95", "num_branches": 16, "num_partial_branches": 2, "covered_branches": 14, "missing_branches": 2, "percent_branches_covered": 87.5, "percent_branches_covered_display": "88"}, "missing_lines": [40, 47], "excluded_lines": [], "start_line": 1, "executed_branches": [[14, 15], [14, 16], [17, 18], [17, 19], [24, 25], [24, 26], [27, 28], [27, 29], [29, 30], [29, 33], [31, 32], [31, 33], [39, 41], [46, 48]], "missing_branches": [[39, 40], [46, 47]]}}}, "src/quietcycle/errors.py": {"executed_lines": [2, 4, 6, 9, 12, 13, 14, 15, 17, 18, 19, 21, 24, 26], "summary": {"covered_lines": 14, "num_statements": 15, "percent_covered": 88.23529411764706, "percent_covered_display": "88", "missing_lines": 1, "excluded_lines": 0, "percent_statements_covered": 93.33333333333333, "percent_statements_covered_display": "93", "num_branches": 2, "num_partial_branches": 1, "covered_branches": 1, "missing_branches": 1, "percent_branches_covered": 50.0, "percent_branches_covered_display": "50"}, "missing_lines": [20], "excluded_lines": [], "executed_branches": [[19, 21]], "missing_branches": [[19, 20]], "functions": {"InputError.__init__": {"executed_lines": [13, 14, 15], "summary": {"covered_lines": 3, "num_statements": 3, "percent_covered": 100.0, "percent_covered_display": "100", "missing_lines": 0, "excluded_lines": 0, "percent_statements_covered": 100.0, "percent_statements_covered_display": "100", "num_branches": 0, "num_partial_branches": 0, "covered_branches": 0, "missing_branches": 0, "percent_branches_covered": 100.0, "percent_branches_covered_display": "100"}, "missing_lines": [], "excluded_lines": [], "start_line": 12, "executed_branches": [], "missing_branches": []}, "InputError.to_dict": {"executed_lines": [18, 19, 21], "summary": {"covered_lines": 3, "num_statements": 4, "percent_covered": 66.66666666666667, "percent_covered_display": "67", "missing_lines": 1, "excluded_lines": 0, "percent_statements_covered": 75.0, "percent_statements_covered_display": "75", "num_branches": 2, "num_partial_branches": 1, "covered_branches": 1, "missing_branches": 1, "percent_branches_covered": 50.0, "percent_branches_covered_display": "50"}, "missing_lines": [20], "excluded_lines": [], "start_line": 17, "executed_branches": [[19, 21]], "missing_branches": [[19, 20]]}, "invalid": {"executed_lines": [26], "summary": {"covered_lines": 1, "num_statements": 1, "percent_covered": 100.0, "percent_covered_display": "100", "missing_lines": 0, "excluded_lines": 0, "percent_statements_covered": 100.0, "percent_statements_covered_display": "100", "num_branches": 0, "num_partial_branches": 0, "covered_branches": 0, "missing_branches": 0, "percent_branches_covered": 100.0, "percent_branches_covered_display": "100"}, "missing_lines": [], "excluded_lines": [], "start_line": 24, "executed_branches": [], "missing_branches": []}, "": {"executed_lines": [2, 4, 6, 9, 12, 17, 24], "summary": {"covered_lines": 7, "num_statements": 7, "percent_covered": 100.0, "percent_covered_display": "100", "missing_lines": 0, "excluded_lines": 0, "percent_statements_covered": 100.0, "percent_statements_covered_display": "100", "num_branches": 0, "num_partial_branches": 0, "covered_branches": 0, "missing_branches": 0, "percent_branches_covered": 100.0, "percent_branches_covered_display": "100"}, "missing_lines": [], "excluded_lines": [], "start_line": 1, "executed_branches": [], "missing_branches": []}}, "classes": {"InputError": {"executed_lines": [13, 14, 15, 18, 19, 21], "summary": {"covered_lines": 6, "num_statements": 7, "percent_covered": 77.77777777777777, "percent_covered_display": "78", "missing_lines": 1, "excluded_lines": 0, "percent_statements_covered": 85.71428571428571, "percent_statements_covered_display": "86", "num_branches": 2, "num_partial_branches": 1, "covered_branches": 1, "missing_branches": 1, "percent_branches_covered": 50.0, "percent_branches_covered_display": "50"}, "missing_lines": [20], "excluded_lines": [], "start_line": 9, "executed_branches": [[19, 21]], "missing_branches": [[19, 20]]}, "": {"executed_lines": [2, 4, 6, 9, 12, 17, 24, 26], "summary": {"covered_lines": 8, "num_statements": 8, "percent_covered": 100.0, "percent_covered_display": "100", "missing_lines": 0, "excluded_lines": 0, "percent_statements_covered": 100.0, "percent_statements_covered_display": "100", "num_branches": 0, "num_partial_branches": 0, "covered_branches": 0, "missing_branches": 0, "percent_branches_covered": 100.0, "percent_branches_covered_display": "100"}, "missing_lines": [], "excluded_lines": [], "start_line": 1, "executed_branches": [], "missing_branches": []}}}, "src/quietcycle/features.py": {"executed_lines": [2, 4, 5, 7, 8, 9, 13, 16, 17, 18, 19, 20, 21, 22, 23, 26, 27, 28, 29, 30, 31, 32, 33, 34, 35, 38, 39, 44, 45, 46, 47, 48, 49, 50, 51, 52, 53, 54, 55, 56, 57, 60, 61, 63, 66, 67, 69, 70, 71, 73, 74, 76, 77, 78, 79, 81, 86, 87], "summary": {"covered_lines": 58, "num_statements": 59, "percent_covered": 97.1830985915493, "percent_covered_display": "97", "missing_lines": 1, "excluded_lines": 4, "percent_statements_covered": 98.30508474576271, "percent_statements_covered_display": "98", "num_branches": 12, "num_partial_branches": 1, "covered_branches": 11, "missing_branches": 1, "percent_branches_covered": 91.66666666666667, "percent_branches_covered_display": "92"}, "missing_lines": [58], "excluded_lines": [40, 41, 42, 43], "executed_branches": [[46, 47], [46, 49], [47, 46], [47, 48], [50, 51], [50, 63], [53, 54], [53, 61], [57, 60], [78, 79], [78, 86]], "missing_branches": [[57, 58]], "functions": {"FeatureBuilder.build": {"executed_lines": [], "summary": {"covered_lines": 0, "num_statements": 0, "percent_covered": 100.0, "percent_covered_display": "100", "missing_lines": 0, "excluded_lines": 1, "percent_statements_covered": 100.0, "percent_statements_covered_display": "100", "num_branches": 0, "num_partial_branches": 0, "covered_branches": 0, "missing_branches": 0, "percent_branches_covered": 100.0, "percent_branches_covered_display": "100"}, "missing_lines": [], "excluded_lines": [41], "start_line": 41, "executed_branches": [], "missing_branches": []}, "symptom_counts": {"executed_lines": [45, 46, 47, 48, 49, 50, 51, 52, 53, 54, 55, 56, 57, 60, 61, 63], "summary": {"covered_lines": 16, "num_statements": 17, "percent_covered": 92.5925925925926, "percent_covered_display": "93", "missing_lines": 1, "excluded_lines": 0, "percent_statements_covered": 94.11764705882354, "percent_statements_covered_display": "94", "num_branches": 10, "num_partial_branches": 1, "covered_branches": 9, "missing_branches": 1, "percent_branches_covered": 90.0, "percent_branches_covered_display": "90"}, "missing_lines": [58], "excluded_lines": [], "start_line": 44, "executed_branches": [[46, 47], [46, 49], [47, 46], [47, 48], [50, 51], [50, 63], [53, 54], [53, 61], [57, 60]], "missing_branches": [[57, 58]]}, "DefaultFeatureBuilder.__init__": {"executed_lines": [70, 71], "summary": {"covered_lines": 2, "num_statements": 2, "percent_covered": 100.0, "percent_covered_display": "100", "missing_lines": 0, "excluded_lines": 0, "percent_statements_covered": 100.0, "percent_statements_covered_display": "100", "num_branches": 0, "num_partial_branches": 0, "covered_branches": 0, "missing_branches": 0, "percent_branches_covered": 100.0, "percent_branches_covered_display": "100"}, "missing_lines": [], "excluded_lines": [], "start_line": 69, "executed_branches": [], "missing_branches": []}, "DefaultFeatureBuilder.build": {"executed_lines": [74, 76, 77, 78, 79, 81, 86, 87], "summary": {"covered_lines": 8, "num_statements": 8, "percent_covered": 100.0, "percent_covered_display": "100", "missing_lines": 0, "excluded_lines": 0, "percent_statements_covered": 100.0, "percent_statements_covered_display": "100", "num_branches": 2, "num_partial_branches": 0, "covered_branches": 2, "missing_branches": 0, "percent_branches_covered": 100.0, "percent_branches_covered_display": "100"}, "missing_lines": [], "excluded_lines": [], "start_line": 73, "executed_branches": [[78, 79], [78, 86]], "missing_branches": []}, "": {"executed_lines": [2, 4, 5, 7, 8, 9, 13, 16, 17, 18, 19, 20, 21, 22, 23, 26, 27, 28, 29, 30, 31, 32, 33, 34, 35, 38, 39, 44, 66, 67, 69, 73], "summary": {"covered_lines": 32, "num_statements": 32, "percent_covered": 100.0, "percent_covered_display": "100", "missing_lines": 0, "excluded_lines": 3, "percent_statements_covered": 100.0, "percent_statements_covered_display": "100", "num_branches": 0, "num_partial_branches": 0, "covered_branches": 0, "missing_branches": 0, "percent_branches_covered": 100.0, "percent_branches_covered_display": "100"}, "missing_lines": [], "excluded_lines": [40, 42, 43], "start_line": 1, "executed_branches": [], "missing_branches": []}}, "classes": {"Interval": {"executed_lines": [], "summary": {"covered_lines": 0, "num_statements": 0, "percent_covered": 100.0, "percent_covered_display": "100", "missing_lines": 0, "excluded_lines": 0, "percent_statements_covered": 100.0, "percent_statements_covered_display": "100", "num_branches": 0, "num_partial_branches": 0, "covered_branches": 0, "missing_branches": 0, "percent_branches_covered": 100.0, "percent_branches_covered_display": "100"}, "missing_lines": [], "excluded_lines": [], "start_line": 17, "executed_branches": [], "missing_branches": []}, "Features": {"executed_lines": [], "summary": {"covered_lines": 0, "num_statements": 0, "percent_covered": 100.0, "percent_covered_display": "100", "missing_lines": 0, "excluded_lines": 0, "percent_statements_covered": 100.0, "percent_statements_covered_display": "100", "num_branches": 0, "num_partial_branches": 0, "covered_branches": 0, "missing_branches": 0, "percent_branches_covered": 100.0, "percent_branches_covered_display": "100"}, "missing_lines": [], "excluded_lines": [], "start_line": 27, "executed_branches": [], "missing_branches": []}, "FeatureBuilder": {"executed_lines": [], "summary": {"covered_lines": 0, "num_statements": 0, "percent_covered": 100.0, "percent_covered_display": "100", "missing_lines": 0, "excluded_lines": 1, "percent_statements_covered": 100.0, "percent_statements_covered_display": "100", "num_branches": 0, "num_partial_branches": 0, "covered_branches": 0, "missing_branches": 0, "percent_branches_covered": 100.0, "percent_branches_covered_display": "100"}, "missing_lines": [], "excluded_lines": [41], "start_line": 38, "executed_branches": [], "missing_branches": []}, "DefaultFeatureBuilder": {"executed_lines": [70, 71, 74, 76, 77, 78, 79, 81, 86, 87], "summary": {"covered_lines": 10, "num_statements": 10, "percent_covered": 100.0, "percent_covered_display": "100", "missing_lines": 0, "excluded_lines": 0, "percent_statements_covered": 100.0, "percent_statements_covered_display": "100", "num_branches": 2, "num_partial_branches": 0, "covered_branches": 2, "missing_branches": 0, "percent_branches_covered": 100.0, "percent_branches_covered_display": "100"}, "missing_lines": [], "excluded_lines": [], "start_line": 66, "executed_branches": [[78, 79], [78, 86]], "missing_branches": []}, "": {"executed_lines": [2, 4, 5, 7, 8, 9, 13, 16, 17, 18, 19, 20, 21, 22, 23, 26, 27, 28, 29, 30, 31, 32, 33, 34, 35, 38, 39, 44, 45, 46, 47, 48, 49, 50, 51, 52, 53, 54, 55, 56, 57, 60, 61, 63, 66, 67, 69, 73], "summary": {"covered_lines": 48, "num_statements": 49, "percent_covered": 96.61016949152543, "percent_covered_display": "97", "missing_lines": 1, "excluded_lines": 3, "percent_statements_covered": 97.95918367346938, "percent_statements_covered_display": "98", "num_branches": 10, "num_partial_branches": 1, "covered_branches": 9, "missing_branches": 1, "percent_branches_covered": 90.0, "percent_branches_covered_display": "90"}, "missing_lines": [58], "excluded_lines": [40, 42, 43], "start_line": 1, "executed_branches": [[46, 47], [46, 49], [47, 46], [47, 48], [50, 51], [50, 63], [53, 54], [53, 61], [57, 60]], "missing_branches": [[57, 58]]}}}, "src/quietcycle/learning/__init__.py": {"executed_lines": [2, 3, 4, 5, 6, 8], "summary": {"covered_lines": 6, "num_statements": 6, "percent_covered": 100.0, "percent_covered_display": "100", "missing_lines": 0, "excluded_lines": 0, "percent_statements_covered": 100.0, "percent_statements_covered_display": "100", "num_branches": 0, "num_partial_branches": 0, "covered_branches": 0, "missing_branches": 0, "percent_branches_covered": 100.0, "percent_branches_covered_display": "100"}, "missing_lines": [], "excluded_lines": [], "executed_branches": [], "missing_branches": [], "functions": {"": {"executed_lines": [2, 3, 4, 5, 6, 8], "summary": {"covered_lines": 6, "num_statements": 6, "percent_covered": 100.0, "percent_covered_display": "100", "missing_lines": 0, "excluded_lines": 0, "percent_statements_covered": 100.0, "percent_statements_covered_display": "100", "num_branches": 0, "num_partial_branches": 0, "covered_branches": 0, "missing_branches": 0, "percent_branches_covered": 100.0, "percent_branches_covered_display": "100"}, "missing_lines": [], "excluded_lines": [], "start_line": 1, "executed_branches": [], "missing_branches": []}}, "classes": {"": {"executed_lines": [2, 3, 4, 5, 6, 8], "summary": {"covered_lines": 6, "num_statements": 6, "percent_covered": 100.0, "percent_covered_display": "100", "missing_lines": 0, "excluded_lines": 0, "percent_statements_covered": 100.0, "percent_statements_covered_display": "100", "num_branches": 0, "num_partial_branches": 0, "covered_branches": 0, "missing_branches": 0, "percent_branches_covered": 100.0, "percent_branches_covered_display": "100"}, "missing_lines": [], "excluded_lines": [], "start_line": 1, "executed_branches": [], "missing_branches": []}}}, "src/quietcycle/learning/contracts.py": {"executed_lines": [6, 8, 10, 12, 13, 15, 16, 19, 21, 22, 23, 24, 25, 26, 27, 28, 30, 31, 32, 34, 36, 38, 40, 42, 45, 46, 47, 48, 49, 52, 53, 54, 57, 60, 61, 62, 63, 64, 65, 66, 67, 68, 69, 71, 72, 73, 75, 77, 78, 80, 81, 82, 83, 85, 87, 88, 90, 93, 94, 95, 96, 98, 99, 101, 102, 103, 104, 106, 108, 110, 111, 112, 115, 118, 119, 120, 121, 122, 123, 124, 125, 127, 128, 130, 131, 132, 134, 136, 138, 141, 142, 143, 144, 145, 147, 148, 149, 151, 154, 155, 156, 157, 158, 159, 160, 162, 163, 164, 166, 168, 171, 172, 173, 174, 175, 176, 177, 178, 179, 180, 181, 182, 183, 184, 185, 186, 187, 188, 189, 190, 191, 192, 193, 195, 196, 197, 199, 201, 202, 204, 205, 206, 207, 208, 209, 211, 212, 214, 215, 217, 219, 221, 223, 224, 226, 227, 228, 230, 232, 235, 236, 237, 238, 239, 240, 241, 243, 244, 245, 246, 248, 250, 253, 254, 255, 258, 259, 260, 261, 262, 263, 264, 265, 266, 267, 268, 269, 270, 271, 272, 273, 275, 276, 277, 278, 281, 283, 285], "summary": {"covered_lines": 198, "num_statements": 234, "percent_covered": 76.99386503067484, "percent_covered_display": "77", "missing_lines": 36, "excluded_lines": 0, "percent_statements_covered": 84.61538461538461, "percent_statements_covered_display": "85", "num_branches": 92, "num_partial_branches": 39, "covered_branches": 53, "missing_branches": 39, "percent_branches_covered": 57.608695652173914, "percent_branches_covered_display": "58"}, "missing_lines": [33, 35, 37, 39, 41, 74, 76, 79, 84, 86, 89, 105, 107, 133, 135, 137, 150, 165, 167, 198, 200, 203, 210, 213, 216, 218, 220, 222, 225, 229, 231, 247, 249, 279, 282, 284], "excluded_lines": [], "executed_branches": [[32, 34], [34, 36], [36, 38], [38, 40], [40, 42], [73, 75], [75, 77], [78, 80], [80, 81], [80, 85], [81, 80], [81, 82], [83, 80], [85, 87], [88, 90], [104, 106], [106, 108], [132, 134], [134, 136], [136, 138], [149, 151], [164, 166], [166, 168], [197, 199], [199, 201], [202, 204], [205, 206], [207, 208], [209, 211], [211, 212], [211, 219], [212, 214], [214, 215], [214, 217], [215, 211], [217, 211], [219, 221], [221, 223], [223, 224], [223, 226], [224, 223], [226, 227], [228, 230], [230, 232], [245, 246], [245, 248], [246, 250], [248, 250], [277, 278], [277, 281], [278, 285], [281, 283], [283, 285]], "missing_branches": [[32, 33], [34, 35], [36, 37], [38, 39], [40, 41], [73, 74], [75, 76], [78, 79], [83, 84], [85, 86], [88, 89], [104, 105], [106, 107], [132, 133], [134, 135], [136, 137], [149, 150], [164, 165], [166, 167], [197, 198], [199, 200], [202, 203], [205, 207], [207, 209], [209, 210], [212, 213], [215, 216], [217, 218], [219, 220], [221, 222], [224, 225], [226, 232], [228, 229], [230, 231], [246, 247], [248, 249], [278, 279], [281, 282], [283, 284]], "functions": {"LandmarkSpec.valid": {"executed_lines": [32, 34, 36, 38, 40, 42], "summary": {"covered_lines": 6, "num_statements": 11, "percent_covered": 52.38095238095238, "percent_covered_display": "52", "missing_lines": 5, "excluded_lines": 0, "percent_statements_covered": 54.54545454545455, "percent_statements_covered_display": "55", "num_branches": 10, "num_partial_branches": 5, "covered_branches": 5, "missing_branches": 5, "percent_branches_covered": 50.0, "percent_branches_covered_display": "50"}, "missing_lines": [33, 35, 37, 39, 41], "excluded_lines": [], "start_line": 31, "executed_branches": [[32, 34], [34, 36], [36, 38], [38, 40], [40, 42]], "missing_branches": [[32, 33], [34, 35], [36, 37], [38, 39], [40, 41]]}, "expected_feature_names": {"executed_lines": [46, 47, 48, 49], "summary": {"covered_lines": 4, "num_statements": 4, "percent_covered": 100.0, "percent_covered_display": "100", "missing_lines": 0, "excluded_lines": 0, "percent_statements_covered": 100.0, "percent_statements_covered_display": "100", "num_branches": 0, "num_partial_branches": 0, "covered_branches": 0, "missing_branches": 0, "percent_branches_covered": 100.0, "percent_branches_covered_display": "100"}, "missing_lines": [], "excluded_lines": [], "start_line": 45, "executed_branches": [], "missing_branches": []}, "Landmark.valid": {"executed_lines": [73, 75, 77, 78, 80, 81, 82, 83, 85, 87, 88, 90], "summary": {"covered_lines": 12, "num_statements": 18, "percent_covered": 64.70588235294117, "percent_covered_display": "65", "missing_lines": 6, "excluded_lines": 0, "percent_statements_covered": 66.66666666666667, "percent_statements_covered_display": "67", "num_branches": 16, "num_partial_branches": 6, "covered_branches": 10, "missing_branches": 6, "percent_branches_covered": 62.5, "percent_branches_covered_display": "62"}, "missing_lines": [74, 76, 79, 84, 86, 89], "excluded_lines": [], "start_line": 72, "executed_branches": [[73, 75], [75, 77], [78, 80], [80, 81], [80, 85], [81, 80], [81, 82], [83, 80], [85, 87], [88, 90]], "missing_branches": [[73, 74], [75, 76], [78, 79], [83, 84], [85, 86], [88, 89]]}, "LabelledCase.valid": {"executed_lines": [103, 104, 106, 108], "summary": {"covered_lines": 4, "num_statements": 6, "percent_covered": 60.0, "percent_covered_display": "60", "missing_lines": 2, "excluded_lines": 0, "percent_statements_covered": 66.66666666666667, "percent_statements_covered_display": "67", "num_branches": 4, "num_partial_branches": 2, "covered_branches": 2, "missing_branches": 2, "percent_branches_covered": 50.0, "percent_branches_covered_display": "50"}, "missing_lines": [105, 107], "excluded_lines": [], "start_line": 102, "executed_branches": [[104, 106], [106, 108]], "missing_branches": [[104, 105], [106, 107]]}, "LabelledCase.length": {"executed_lines": [112], "summary": {"covered_lines": 1, "num_statements": 1, "percent_covered": 100.0, "percent_covered_display": "100", "missing_lines": 0, "excluded_lines": 0, "percent_statements_covered": 100.0, "percent_statements_covered_display": "100", "num_branches": 0, "num_partial_branches": 0, "covered_branches": 0, "missing_branches": 0, "percent_branches_covered": 100.0, "percent_branches_covered_display": "100"}, "missing_lines": [], "excluded_lines": [], "start_line": 111, "executed_branches": [], "missing_branches": []}, "FitRequest.valid": {"executed_lines": [132, 134, 136, 138], "summary": {"covered_lines": 4, "num_statements": 7, "percent_covered": 53.84615384615385, "percent_covered_display": "54", "missing_lines": 3, "excluded_lines": 0, "percent_statements_covered": 57.142857142857146, "percent_statements_covered_display": "57", "num_branches": 6, "num_partial_branches": 3, "covered_branches": 3, "missing_branches": 3, "percent_branches_covered": 50.0, "percent_branches_covered_display": "50"}, "missing_lines": [133, 135, 137], "excluded_lines": [], "start_line": 131, "executed_branches": [[132, 134], [134, 136], [136, 138]], "missing_branches": [[132, 133], [134, 135], [136, 137]]}, "ScaleColumn.valid": {"executed_lines": [149, 151], "summary": {"covered_lines": 2, "num_statements": 3, "percent_covered": 60.0, "percent_covered_display": "60", "missing_lines": 1, "excluded_lines": 0, "percent_statements_covered": 66.66666666666667, "percent_statements_covered_display": "67", "num_branches": 2, "num_partial_branches": 1, "covered_branches": 1, "missing_branches": 1, "percent_branches_covered": 50.0, "percent_branches_covered_display": "50"}, "missing_lines": [150], "excluded_lines": [], "start_line": 148, "executed_branches": [[149, 151]], "missing_branches": [[149, 150]]}, "LinearCandidate.valid": {"executed_lines": [164, 166, 168], "summary": {"covered_lines": 3, "num_statements": 5, "percent_covered": 55.55555555555556, "percent_covered_display": "56", "missing_lines": 2, "excluded_lines": 0, "percent_statements_covered": 60.0, "percent_statements_covered_display": "60", "num_branches": 4, "num_partial_branches": 2, "covered_branches": 2, "missing_branches": 2, "percent_branches_covered": 50.0, "percent_branches_covered_display": "50"}, "missing_lines": [165, 167], "excluded_lines": [], "start_line": 163, "executed_branches": [[164, 166], [166, 168]], "missing_branches": [[164, 165], [166, 167]]}, "FittedModel.valid": {"executed_lines": [197, 199, 201, 202, 204, 205, 206, 207, 208, 209, 211, 212, 214, 215, 217, 219, 221, 223, 224, 226, 227, 228, 230, 232], "summary": {"covered_lines": 24, "num_statements": 36, "percent_covered": 62.5, "percent_covered_display": "62", "missing_lines": 12, "excluded_lines": 0, "percent_statements_covered": 66.66666666666667, "percent_statements_covered_display": "67", "num_branches": 36, "num_partial_branches": 15, "covered_branches": 21, "missing_branches": 15, "percent_branches_covered": 58.333333333333336, "percent_branches_covered_display": "58"}, "missing_lines": [198, 200, 203, 210, 213, 216, 218, 220, 222, 225, 229, 231], "excluded_lines": [], "start_line": 196, "executed_branches": [[197, 199], [199, 201], [202, 204], [205, 206], [207, 208], [209, 211], [211, 212], [211, 219], [212, 214], [214, 215], [214, 217], [215, 211], [217, 211], [219, 221], [221, 223], [223, 224], [223, 226], [224, 223], [226, 227], [228, 230], [230, 232]], "missing_branches": [[197, 198], [199, 200], [202, 203], [205, 207], [207, 209], [209, 210], [212, 213], [215, 216], [217, 218], [219, 220], [221, 222], [224, 225], [226, 232], [228, 229], [230, 231]]}, "CalibratedInterval.valid": {"executed_lines": [245, 246, 248, 250], "summary": {"covered_lines": 4, "num_statements": 6, "percent_covered": 66.66666666666667, "percent_covered_display": "67", "missing_lines": 2, "excluded_lines": 0, "percent_statements_covered": 66.66666666666667, "percent_statements_covered_display": "67", "num_branches": 6, "num_partial_branches": 2, "covered_branches": 4, "missing_branches": 2, "percent_branches_covered": 66.66666666666667, "percent_branches_covered_display": "67"}, "missing_lines": [247, 249], "excluded_lines": [], "start_line": 244, "executed_branches": [[245, 246], [245, 248], [246, 250], [248, 250]], "missing_branches": [[246, 247], [248, 249]]}, "LearnedPrediction.valid": {"executed_lines": [277, 278, 281, 283, 285], "summary": {"covered_lines": 5, "num_statements": 8, "percent_covered": 62.5, "percent_covered_display": "62", "missing_lines": 3, "excluded_lines": 0, "percent_statements_covered": 62.5, "percent_statements_covered_display": "62", "num_branches": 8, "num_partial_branches": 3, "covered_branches": 5, "missing_branches": 3, "percent_branches_covered": 62.5, "percent_branches_covered_display": "62"}, "missing_lines": [279, 282, 284], "excluded_lines": [], "start_line": 276, "executed_branches": [[277, 278], [277, 281], [278, 285], [281, 283], [283, 285]], "missing_branches": [[278, 279], [281, 282], [283, 284]]}, "": {"executed_lines": [6, 8, 10, 12, 13, 15, 16, 19, 21, 22, 23, 24, 25, 26, 27, 28, 30, 31, 45, 52, 53, 54, 57, 60, 61, 62, 63, 64, 65, 66, 67, 68, 69, 71, 72, 93, 94, 95, 96, 98, 99, 101, 102, 110, 111, 115, 118, 119, 120, 121, 122, 123, 124, 125, 127, 128, 130, 131, 141, 142, 143, 144, 145, 147, 148, 154, 155, 156, 157, 158, 159, 160, 162, 163, 171, 172, 173, 174, 175, 176, 177, 178, 179, 180, 181, 182, 183, 184, 185, 186, 187, 188, 189, 190, 191, 192, 193, 195, 196, 235, 236, 237, 238, 239, 240, 241, 243, 244, 253, 254, 255, 258, 259, 260, 261, 262, 263, 264, 265, 266, 267, 268, 269, 270, 271, 272, 273, 275, 276], "summary": {"covered_lines": 129, "num_statements": 129, "percent_covered": 100.0, "percent_covered_display": "100", "missing_lines": 0, "excluded_lines": 0, "percent_statements_covered": 100.0, "percent_statements_covered_display": "100", "num_branches": 0, "num_partial_branches": 0, "covered_branches": 0, "missing_branches": 0, "percent_branches_covered": 100.0, "percent_branches_covered_display": "100"}, "missing_lines": [], "excluded_lines": [], "start_line": 1, "executed_branches": [], "missing_branches": []}}, "classes": {"LandmarkSpec": {"executed_lines": [32, 34, 36, 38, 40, 42], "summary": {"covered_lines": 6, "num_statements": 11, "percent_covered": 52.38095238095238, "percent_covered_display": "52", "missing_lines": 5, "excluded_lines": 0, "percent_statements_covered": 54.54545454545455, "percent_statements_covered_display": "55", "num_branches": 10, "num_partial_branches": 5, "covered_branches": 5, "missing_branches": 5, "percent_branches_covered": 50.0, "percent_branches_covered_display": "50"}, "missing_lines": [33, 35, 37, 39, 41], "excluded_lines": [], "start_line": 19, "executed_branches": [[32, 34], [34, 36], [36, 38], [38, 40], [40, 42]], "missing_branches": [[32, 33], [34, 35], [36, 37], [38, 39], [40, 41]]}, "FeatureValue": {"executed_lines": [], "summary": {"covered_lines": 0, "num_statements": 0, "percent_covered": 100.0, "percent_covered_display": "100", "missing_lines": 0, "excluded_lines": 0, "percent_statements_covered": 100.0, "percent_statements_covered_display": "100", "num_branches": 0, "num_partial_branches": 0, "covered_branches": 0, "missing_branches": 0, "percent_branches_covered": 100.0, "percent_branches_covered_display": "100"}, "missing_lines": [], "excluded_lines": [], "start_line": 52, "executed_branches": [], "missing_branches": []}, "Landmark": {"executed_lines": [73, 75, 77, 78, 80, 81, 82, 83, 85, 87, 88, 90], "summary": {"covered_lines": 12, "num_statements": 18, "percent_covered": 64.70588235294117, "percent_covered_display": "65", "missing_lines": 6, "excluded_lines": 0, "percent_statements_covered": 66.66666666666667, "percent_statements_covered_display": "67", "num_branches": 16, "num_partial_branches": 6, "covered_branches": 10, "missing_branches": 6, "percent_branches_covered": 62.5, "percent_branches_covered_display": "62"}, "missing_lines": [74, 76, 79, 84, 86, 89], "excluded_lines": [], "start_line": 60, "executed_branches": [[73, 75], [75, 77], [78, 80], [80, 81], [80, 85], [81, 80], [81, 82], [83, 80], [85, 87], [88, 90]], "missing_branches": [[73, 74], [75, 76], [78, 79], [83, 84], [85, 86], [88, 89]]}, "LabelledCase": {"executed_lines": [103, 104, 106, 108, 112], "summary": {"covered_lines": 5, "num_statements": 7, "percent_covered": 63.63636363636363, "percent_covered_display": "64", "missing_lines": 2, "excluded_lines": 0, "percent_statements_covered": 71.42857142857143, "percent_statements_covered_display": "71", "num_branches": 4, "num_partial_branches": 2, "covered_branches": 2, "missing_branches": 2, "percent_branches_covered": 50.0, "percent_branches_covered_display": "50"}, "missing_lines": [105, 107], "excluded_lines": [], "start_line": 93, "executed_branches": [[104, 106], [106, 108]], "missing_branches": [[104, 105], [106, 107]]}, "FitRequest": {"executed_lines": [132, 134, 136, 138], "summary": {"covered_lines": 4, "num_statements": 7, "percent_covered": 53.84615384615385, "percent_covered_display": "54", "missing_lines": 3, "excluded_lines": 0, "percent_statements_covered": 57.142857142857146, "percent_statements_covered_display": "57", "num_branches": 6, "num_partial_branches": 3, "covered_branches": 3, "missing_branches": 3, "percent_branches_covered": 50.0, "percent_branches_covered_display": "50"}, "missing_lines": [133, 135, 137], "excluded_lines": [], "start_line": 118, "executed_branches": [[132, 134], [134, 136], [136, 138]], "missing_branches": [[132, 133], [134, 135], [136, 137]]}, "ScaleColumn": {"executed_lines": [149, 151], "summary": {"covered_lines": 2, "num_statements": 3, "percent_covered": 60.0, "percent_covered_display": "60", "missing_lines": 1, "excluded_lines": 0, "percent_statements_covered": 66.66666666666667, "percent_statements_covered_display": "67", "num_branches": 2, "num_partial_branches": 1, "covered_branches": 1, "missing_branches": 1, "percent_branches_covered": 50.0, "percent_branches_covered_display": "50"}, "missing_lines": [150], "excluded_lines": [], "start_line": 141, "executed_branches": [[149, 151]
[...]
overed_display": "93", "num_branches": 10, "num_partial_branches": 3, "covered_branches": 7, "missing_branches": 3, "percent_branches_covered": 70.0, "percent_branches_covered_display": "70"}, "missing_lines": [75, 78], "excluded_lines": [], "start_line": 70, "executed_branches": [[74, 76], [77, 79], [81, 82], [87, 88], [87, 89], [91, 92], [91, 93]], "missing_branches": [[74, 75], [77, 78], [81, 100]]}, "": {"executed_lines": [6, 8, 9, 11, 13, 14, 15, 16, 17, 20, 21, 24, 25, 26, 27, 29, 30, 31, 32, 33, 35, 36, 45, 46, 47, 48, 49, 50, 51, 52, 53, 56, 57, 70], "summary": {"covered_lines": 34, "num_statements": 34, "percent_covered": 100.0, "percent_covered_display": "100", "missing_lines": 0, "excluded_lines": 0, "percent_statements_covered": 100.0, "percent_statements_covered_display": "100", "num_branches": 0, "num_partial_branches": 0, "covered_branches": 0, "missing_branches": 0, "percent_branches_covered": 100.0, "percent_branches_covered_display": "100"}, "missing_lines": [], "excluded_lines": [], "start_line": 1, "executed_branches": [], "missing_branches": []}}, "classes": {"EvidenceRule": {"executed_lines": [37, 39, 40, 42], "summary": {"covered_lines": 4, "num_statements": 6, "percent_covered": 66.66666666666667, "percent_covered_display": "67", "missing_lines": 2, "excluded_lines": 0, "percent_statements_covered": 66.66666666666667, "percent_statements_covered_display": "67", "num_branches": 6, "num_partial_branches": 2, "covered_branches": 4, "missing_branches": 2, "percent_branches_covered": 66.66666666666667, "percent_branches_covered_display": "67"}, "missing_lines": [38, 41], "excluded_lines": [], "start_line": 24, "executed_branches": [[37, 39], [39, 40], [39, 42], [40, 39]], "missing_branches": [[37, 38], [40, 41]]}, "ResearchRun": {"executed_lines": [], "summary": {"covered_lines": 0, "num_statements": 0, "percent_covered": 100.0, "percent_covered_display": "100", "missing_lines": 0, "excluded_lines": 0, "percent_statements_covered": 100.0, "percent_statements_covered_display": "100", "num_branches": 0, "num_partial_branches": 0, "covered_branches": 0, "missing_branches": 0, "percent_branches_covered": 100.0, "percent_branches_covered_display": "100"}, "missing_lines": [], "excluded_lines": [], "start_line": 45, "executed_branches": [], "missing_branches": []}, "DurationResearchPipeline": {"executed_lines": [59, 60, 61, 63, 65, 66, 67, 71, 72, 73, 74, 76, 77, 79, 80, 81, 82, 83, 87, 88, 89, 90, 91, 92, 93, 94, 95, 96, 98, 99, 100, 101], "summary": {"covered_lines": 32, "num_statements": 36, "percent_covered": 82.0, "percent_covered_display": "82", "missing_lines": 4, "excluded_lines": 0, "percent_statements_covered": 88.88888888888889, "percent_statements_covered_display": "89", "num_branches": 14, "num_partial_branches": 5, "covered_branches": 9, "missing_branches": 5, "percent_branches_covered": 64.28571428571429, "percent_branches_covered_display": "64"}, "missing_lines": [62, 64, 75, 78], "excluded_lines": [], "start_line": 56, "executed_branches": [[61, 63], [63, 65], [74, 76], [77, 79], [81, 82], [87, 88], [87, 89], [91, 92], [91, 93]], "missing_branches": [[61, 62], [63, 64], [74, 75], [77, 78], [81, 100]]}, "": {"executed_lines": [6, 8, 9, 11, 13, 14, 15, 16, 17, 20, 21, 24, 25, 26, 27, 29, 30, 31, 32, 33, 35, 36, 45, 46, 47, 48, 49, 50, 51, 52, 53, 56, 57, 70], "summary": {"covered_lines": 34, "num_statements": 34, "percent_covered": 100.0, "percent_covered_display": "100", "missing_lines": 0, "excluded_lines": 0, "percent_statements_covered": 100.0, "percent_statements_covered_display": "100", "num_branches": 0, "num_partial_branches": 0, "covered_branches": 0, "missing_branches": 0, "percent_branches_covered": 100.0, "percent_branches_covered_display": "100"}, "missing_lines": [], "excluded_lines": [], "start_line": 1, "executed_branches": [], "missing_branches": []}}}, "src/quietcycle/schemas/__init__.py": {"executed_lines": [], "summary": {"covered_lines": 0, "num_statements": 0, "percent_covered": 100.0, "percent_covered_display": "100", "missing_lines": 0, "excluded_lines": 0, "percent_statements_covered": 100.0, "percent_statements_covered_display": "100", "num_branches": 0, "num_partial_branches": 0, "covered_branches": 0, "missing_branches": 0, "percent_branches_covered": 100.0, "percent_branches_covered_display": "100"}, "missing_lines": [], "excluded_lines": [], "executed_branches": [], "missing_branches": [], "functions": {"": {"executed_lines": [], "summary": {"covered_lines": 0, "num_statements": 0, "percent_covered": 100.0, "percent_covered_display": "100", "missing_lines": 0, "excluded_lines": 0, "percent_statements_covered": 100.0, "percent_statements_covered_display": "100", "num_branches": 0, "num_partial_branches": 0, "covered_branches": 0, "missing_branches": 0, "percent_branches_covered": 100.0, "percent_branches_covered_display": "100"}, "missing_lines": [], "excluded_lines": [], "start_line": 1, "executed_branches": [], "missing_branches": []}}, "classes": {"": {"executed_lines": [], "summary": {"covered_lines": 0, "num_statements": 0, "percent_covered": 100.0, "percent_covered_display": "100", "missing_lines": 0, "excluded_lines": 0, "percent_statements_covered": 100.0, "percent_statements_covered_display": "100", "num_branches": 0, "num_partial_branches": 0, "covered_branches": 0, "missing_branches": 0, "percent_branches_covered": 100.0, "percent_branches_covered_display": "100"}, "missing_lines": [], "excluded_lines": [], "start_line": 1, "executed_branches": [], "missing_branches": []}}}, "src/quietcycle/serialization.py": {"executed_lines": [2, 4, 5, 6, 7, 8, 10, 12, 14, 15, 18, 19, 20, 21, 22, 23, 24, 27, 28, 31, 32, 35, 36, 38, 40, 43, 44, 45, 46, 49, 50, 51, 52, 53, 56, 57, 58, 59, 60, 62, 63, 64, 65, 66, 68, 71, 72, 75, 76, 77, 78, 79, 81, 82, 83, 86, 88, 89, 90, 91, 92, 93, 94, 95, 96, 97, 98, 99, 100, 102], "summary": {"covered_lines": 70, "num_statements": 77, "percent_covered": 88.88888888888889, "percent_covered_display": "89", "missing_lines": 7, "excluded_lines": 0, "percent_statements_covered": 90.9090909090909, "percent_statements_covered_display": "91", "num_branches": 22, "num_partial_branches": 4, "covered_branches": 18, "missing_branches": 4, "percent_branches_covered": 81.81818181818181, "percent_branches_covered_display": "82"}, "missing_lines": [37, 61, 80, 103, 104, 105, 106], "excluded_lines": [], "executed_branches": [[20, 21], [20, 24], [21, 22], [21, 23], [36, 38], [44, 45], [44, 46], [57, 58], [57, 59], [59, 60], [59, 63], [60, 62], [63, 64], [63, 65], [65, 66], [65, 68], [79, 81], [102, -86]], "missing_branches": [[36, 37], [60, 61], [79, 80], [102, 103]], "functions": {"_object": {"executed_lines": [19, 20, 21, 22, 23, 24], "summary": {"covered_lines": 6, "num_statements": 6, "percent_covered": 100.0, "percent_covered_display": "100", "missing_lines": 0, "excluded_lines": 0, "percent_statements_covered": 100.0, "percent_statements_covered_display": "100", "num_branches": 4, "num_partial_branches": 0, "covered_branches": 4, "missing_branches": 0, "percent_branches_covered": 100.0, "percent_branches_covered_display": "100"}, "missing_lines": [], "excluded_lines": [], "start_line": 18, "executed_branches": [[20, 21], [20, 24], [21, 22], [21, 23]], "missing_branches": []}, "_reject_decimal": {"executed_lines": [28], "summary": {"covered_lines": 1, "num_statements": 1, "percent_covered": 100.0, "percent_covered_display": "100", "missing_lines": 0, "excluded_lines": 0, "percent_statements_covered": 100.0, "percent_statements_covered_display": "100", "num_branches": 0, "num_partial_branches": 0, "covered_branches": 0, "missing_branches": 0, "percent_branches_covered": 100.0, "percent_branches_covered_display": "100"}, "missing_lines": [], "excluded_lines": [], "start_line": 27, "executed_branches": [], "missing_branches": []}, "_constant": {"executed_lines": [32], "summary": {"covered_lines": 1, "num_statements": 1, "percent_covered": 100.0, "percent_covered_display": "100", "missing_lines": 0, "excluded_lines": 0, "percent_statements_covered": 100.0, "percent_statements_covered_display": "100", "num_branches": 0, "num_partial_branches": 0, "covered_branches": 0, "missing_branches": 0, "percent_branches_covered": 100.0, "percent_branches_covered_display": "100"}, "missing_lines": [], "excluded_lines": [], "start_line": 31, "executed_branches": [], "missing_branches": []}, "loads": {"executed_lines": [36, 38, 40, 43, 44, 45, 46], "summary": {"covered_lines": 7, "num_statements": 8, "percent_covered": 83.33333333333333, "percent_covered_display": "83", "missing_lines": 1, "excluded_lines": 0, "percent_statements_covered": 87.5, "percent_statements_covered_display": "88", "num_branches": 4, "num_partial_branches": 1, "covered_branches": 3, "missing_branches": 1, "percent_branches_covered": 75.0, "percent_branches_covered_display": "75"}, "missing_lines": [37], "excluded_lines": [], "start_line": 35, "executed_branches": [[36, 38], [44, 45], [44, 46]], "missing_branches": [[36, 37]]}, "parse_model": {"executed_lines": [50, 51, 52, 53], "summary": {"covered_lines": 4, "num_statements": 4, "percent_covered": 100.0, "percent_covered_display": "100", "missing_lines": 0, "excluded_lines": 0, "percent_statements_covered": 100.0, "percent_statements_covered_display": "100", "num_branches": 0, "num_partial_branches": 0, "covered_branches": 0, "missing_branches": 0, "percent_branches_covered": 100.0, "percent_branches_covered_display": "100"}, "missing_lines": [], "excluded_lines": [], "start_line": 49, "executed_branches": [], "missing_branches": []}, "_plain": {"executed_lines": [57, 58, 59, 60, 62, 63, 64, 65, 66, 68], "summary": {"covered_lines": 10, "num_statements": 11, "percent_covered": 90.47619047619048, "percent_covered_display": "90", "missing_lines": 1, "excluded_lines": 0, "percent_statements_covered": 90.9090909090909, "percent_statements_covered_display": "91", "num_branches": 10, "num_partial_branches": 1, "covered_branches": 9, "missing_branches": 1, "percent_branches_covered": 90.0, "percent_branches_covered_display": "90"}, "missing_lines": [61], "excluded_lines": [], "start_line": 56, "executed_branches": [[57, 58], [57, 59], [59, 60], [59, 63], [60, 62], [63, 64], [63, 65], [65, 66], [65, 68]], "missing_branches": [[60, 61]]}, "canonical_json": {"executed_lines": [72], "summary": {"covered_lines": 1, "num_statements": 1, "percent_covered": 100.0, "percent_covered_display": "100", "missing_lines": 0, "excluded_lines": 0, "percent_statements_covered": 100.0, "percent_statements_covered_display": "100", "num_branches": 0, "num_partial_branches": 0, "covered_branches": 0, "missing_branches": 0, "percent_branches_covered": 100.0, "percent_branches_covered_display": "100"}, "missing_lines": [], "excluded_lines": [], "start_line": 71, "executed_branches": [], "missing_branches": []}, "read_text": {"executed_lines": [76, 77, 78, 79, 81, 82, 83], "summary": {"covered_lines": 7, "num_statements": 8, "percent_covered": 80.0, "percent_covered_display": "80", "missing_lines": 1, "excluded_lines": 0, "percent_statements_covered": 87.5, "percent_statements_covered_display": "88", "num_branches": 2, "num_partial_branches": 1, "covered_branches": 1, "missing_branches": 1, "percent_branches_covered": 50.0, "percent_branches_covered_display": "50"}, "missing_lines": [80], "excluded_lines": [], "start_line": 75, "executed_branches": [[79, 81]], "missing_branches": [[79, 80]]}, "write_private": {"executed_lines": [88, 89, 90, 91, 92, 93, 94, 95, 96, 97, 98, 99, 100, 102], "summary": {"covered_lines": 14, "num_statements": 18, "percent_covered": 75.0, "percent_covered_display": "75", "missing_lines": 4, "excluded_lines": 0, "percent_statements_covered": 77.77777777777777, "percent_statements_covered_display": "78", "num_branches": 2, "num_partial_branches": 1, "covered_branches": 1, "missing_branches": 1, "percent_branches_covered": 50.0, "percent_branches_covered_display": "50"}, "missing_lines": [103, 104, 105, 106], "excluded_lines": [], "start_line": 86, "executed_branches": [[102, -86]], "missing_branches": [[102, 103]]}, "": {"executed_lines": [2, 4, 5, 6, 7, 8, 10, 12, 14, 15, 18, 27, 31, 35, 49, 56, 71, 75, 86], "summary": {"covered_lines": 19, "num_statements": 19, "percent_covered": 100.0, "percent_covered_display": "100", "missing_lines": 0, "excluded_lines": 0, "percent_statements_covered": 100.0, "percent_statements_covered_display": "100", "num_branches": 0, "num_partial_branches": 0, "covered_branches": 0, "missing_branches": 0, "percent_branches_covered": 100.0, "percent_branches_covered_display": "100"}, "missing_lines": [], "excluded_lines": [], "start_line": 1, "executed_branches": [], "missing_branches": []}}, "classes": {"": {"executed_lines": [2, 4, 5, 6, 7, 8, 10, 12, 14, 15, 18, 19, 20, 21, 22, 23, 24, 27, 28, 31, 32, 35, 36, 38, 40, 43, 44, 45, 46, 49, 50, 51, 52, 53, 56, 57, 58, 59, 60, 62, 63, 64, 65, 66, 68, 71, 72, 75, 76, 77, 78, 79, 81, 82, 83, 86, 88, 89, 90, 91, 92, 93, 94, 95, 96, 97, 98, 99, 100, 102], "summary": {"covered_lines": 70, "num_statements": 77, "percent_covered": 88.88888888888889, "percent_covered_display": "89", "missing_lines": 7, "excluded_lines": 0, "percent_statements_covered": 90.9090909090909, "percent_statements_covered_display": "91", "num_branches": 22, "num_partial_branches": 4, "covered_branches": 18, "missing_branches": 4, "percent_branches_covered": 81.81818181818181, "percent_branches_covered_display": "82"}, "missing_lines": [37, 61, 80, 103, 104, 105, 106], "excluded_lines": [], "start_line": 1, "executed_branches": [[20, 21], [20, 24], [21, 22], [21, 23], [36, 38], [44, 45], [44, 46], [57, 58], [57, 59], [59, 60], [59, 63], [60, 62], [63, 64], [63, 65], [65, 66], [65, 68], [79, 81], [102, -86]], "missing_branches": [[36, 37], [60, 61], [79, 80], [102, 103]]}}}, "src/quietcycle/units.py": {"executed_lines": [2, 4, 5, 6, 7, 8, 10, 11, 12, 15, 16, 17, 18, 19, 22, 27, 28, 29, 30, 31, 32, 33, 34, 35, 36, 37, 38, 39, 41, 42, 45, 48, 49, 50, 51, 52, 55, 56, 57, 59, 61, 62, 64, 65, 67, 68, 69, 70, 71, 73, 74, 75, 77, 79, 80, 81], "summary": {"covered_lines": 56, "num_statements": 61, "percent_covered": 88.42105263157895, "percent_covered_display": "88", "missing_lines": 5, "excluded_lines": 0, "percent_statements_covered": 91.80327868852459, "percent_statements_covered_display": "92", "num_branches": 34, "num_partial_branches": 6, "covered_branches": 28, "missing_branches": 6, "percent_branches_covered": 82.3529411764706, "percent_branches_covered_display": "82"}, "missing_lines": [54, 58, 60, 76, 78], "excluded_lines": [], "executed_branches": [[28, 29], [28, 31], [29, 28], [29, 30], [31, 32], [31, 34], [34, 35], [34, 37], [37, 38], [37, 39], [50, 51], [50, 62], [51, 52], [51, 62], [52, 55], [55, 56], [55, 57], [57, 59], [59, 61], [69, 70], [69, 71], [73, 74], [74, 75], [74, 77], [75, 79], [77, 79], [79, 80], [79, 81]], "missing_branches": [[52, 54], [57, 58], [59, 60], [73, 81], [75, 76], [77, 78]], "functions": {"UnitRegistry.__init__": {"executed_lines": [49, 50, 51, 52, 55, 56, 57, 59, 61, 62, 64, 65], "summary": {"covered_lines": 12, "num_statements": 15, "percent_covered": 77.77777777777777, "percent_covered_display": "78", "missing_lines": 3, "excluded_lines": 0, "percent_statements_covered": 80.0, "percent_statements_covered_display": "80", "num_branches": 12, "num_partial_branches": 3, "covered_branches": 9, "missing_branches": 3, "percent_branches_covered": 75.0, "percent_branches_covered_display": "75"}, "missing_lines": [54, 58, 60], "excluded_lines": [], "start_line": 48, "executed_branches": [[50, 51], [50, 62], [51, 52], [51, 62], [52, 55], [55, 56], [55, 57], [57, 59], [59, 61]], "missing_branches": [[52, 54], [57, 58], [59, 60]]}, "UnitRegistry.normalize": {"executed_lines": [68, 69, 70, 71, 73, 74, 75, 77, 79, 80, 81], "summary": {"covered_lines": 11, "num_statements": 13, "percent_covered": 80.0, "percent_covered_display": "80", "missing_lines": 2, "excluded_lines": 0, "percent_statements_covered": 84.61538461538461, "percent_statements_covered_display": "85", "num_branches": 12, "num_partial_branches": 3, "covered_branches": 9, "missing_branches": 3, "percent_branches_covered": 75.0, "percent_branches_covered_display": "75"}, "missing_lines": [76, 78], "excluded_lines": [], "start_line": 67, "executed_branches": [[69, 70], [69, 71], [73, 74], [74, 75], [74, 77], [75, 79], [77, 79], [79, 80], [79, 81]], "missing_branches": [[73, 81], [75, 76], [77, 78]]}, "": {"executed_lines": [2, 4, 5, 6, 7, 8, 10, 11, 12, 15, 16, 17, 18, 19, 22, 27, 28, 29, 30, 31, 32, 33, 34, 35, 36, 37, 38, 39, 41, 42, 45, 48, 67], "summary": {"covered_lines": 33, "num_statements": 33, "percent_covered": 100.0, "percent_covered_display": "100", "missing_lines": 0, "excluded_lines": 0, "percent_statements_covered": 100.0, "percent_statements_covered_display": "100", "num_branches": 10, "num_partial_branches": 0, "covered_branches": 10, "missing_branches": 0, "percent_branches_covered": 100.0, "percent_branches_covered_display": "100"}, "missing_lines": [], "excluded_lines": [], "start_line": 1, "executed_branches": [[28, 29], [28, 31], [29, 28], [29, 30], [31, 32], [31, 34], [34, 35], [34, 37], [37, 38], [37, 39]], "missing_branches": []}}, "classes": {"UnitRule": {"executed_lines": [], "summary": {"covered_lines": 0, "num_statements": 0, "percent_covered": 100.0, "percent_covered_display": "100", "missing_lines": 0, "excluded_lines": 0, "percent_statements_covered": 100.0, "percent_statements_covered_display": "100", "num_branches": 0, "num_partial_branches": 0, "covered_branches": 0, "missing_branches": 0, "percent_branches_covered": 100.0, "percent_branches_covered_display": "100"}, "missing_lines": [], "excluded_lines": [], "start_line": 16, "executed_branches": [], "missing_branches": []}, "UnitRegistry": {"executed_lines": [49, 50, 51, 52, 55, 56, 57, 59, 61, 62, 64, 65, 68, 69, 70, 71, 73, 74, 75, 77, 79, 80, 81], "summary": {"covered_lines": 23, "num_statements": 28, "percent_covered": 78.84615384615384, "percent_covered_display": "79", "missing_lines": 5, "excluded_lines": 0, "percent_statements_covered": 82.14285714285714, "percent_statements_covered_display": "82", "num_branches": 24, "num_partial_branches": 6, "covered_branches": 18, "missing_branches": 6, "percent_branches_covered": 75.0, "percent_branches_covered_display": "75"}, "missing_lines": [54, 58, 60, 76, 78], "excluded_lines": [], "start_line": 45, "executed_branches": [[50, 51], [50, 62], [51, 52], [51, 62], [52, 55], [55, 56], [55, 57], [57, 59], [59, 61], [69, 70], [69, 71], [73, 74], [74, 75], [74, 77], [75, 79], [77, 79], [79, 80], [79, 81]], "missing_branches": [[52, 54], [57, 58], [59, 60], [73, 81], [75, 76], [77, 78]]}, "": {"executed_lines": [2, 4, 5, 6, 7, 8, 10, 11, 12, 15, 16, 17, 18, 19, 22, 27, 28, 29, 30, 31, 32, 33, 34, 35, 36, 37, 38, 39, 41, 42, 45, 48, 67], "summary": {"covered_lines": 33, "num_statements": 33, "percent_covered": 100.0, "percent_covered_display": "100", "missing_lines": 0, "excluded_lines": 0, "percent_statements_covered": 100.0, "percent_statements_covered_display": "100", "num_branches": 10, "num_partial_branches": 0, "covered_branches": 10, "missing_branches": 0, "percent_branches_covered": 100.0, "percent_branches_covered_display": "100"}, "missing_lines": [], "excluded_lines": [], "start_line": 1, "executed_branches": [[28, 29], [28, 31], [29, 28], [29, 30], [31, 32], [31, 34], [34, 35], [34, 37], [37, 38], [37, 39]], "missing_branches": []}}}}, "totals": {"covered_lines": 1863, "num_statements": 2082, "percent_covered": 85.64425770308124, "percent_covered_display": "86", "missing_lines": 219, "excluded_lines": 8, "percent_statements_covered": 89.48126801152738, "percent_statements_covered_display": "89", "num_branches": 774, "num_partial_branches": 179, "covered_branches": 583, "missing_branches": 191, "percent_branches_covered": 75.32299741602067, "percent_branches_covered_display": "75"}}