<?xml version="1.0" encoding="utf-8"?><testsuites name="pytest tests"><testsuite name="pytest" errors="0" failures="0" skipped="0" tests="187" time="22.981" timestamp="2026-09-17T06:23:53.108673+00:00" hostname="localhost"><testcase classname="tests.test_adapters" name="test_all_file_formats_are_equivalent" time="0.047" /><testcase classname="tests.test_adapters" name="test_csv_alias_and_defaults" time="0.002" /><testcase classname="tests.test_adapters" name="test_invalid_csv[]" time="0.001" /><testcase classname="tests.test_adapters" name="test_invalid_csv[id,id\na,b\n]" time="0.001" /><testcase classname="tests.test_adapters" name="test_invalid_csv[unknown\na\n]" time="0.001" /><testcase classname="tests.test_adapters" name="test_invalid_csv[id,kind\na,onset,extra\n]" time="0.001" /><testcase classname="tests.test_adapters" name="test_invalid_csv[id,kind\n&quot;unclosed,onset\n]" time="0.001" /><testcase classname="tests.test_adapters" name="test_csv_no_bool_guessing" time="0.002" /><testcase classname="tests.test_adapters" name="test_mixed_measurement_csv_roundtrip" time="0.003" /><testcase classname="tests.test_adapters" name="test_measurements_converted_exactly" time="0.007" /><testcase classname="tests.test_adapters" name="test_unit_cases[heart_rate-1.25-1/s-expected0]" time="0.001" /><testcase classname="tests.test_adapters" name="test_unit_cases[hrv_rmssd-0.045-s-expected1]" time="0.001" /><testcase classname="tests.test_adapters" name="test_unit_cases[sleep_duration-7.5-h-expected2]" time="0.001" /><testcase classname="tests.test_adapters" name="test_unit_cases[body_temperature-310.15-K-expected3]" time="0.001" /><testcase classname="tests.test_adapters" name="test_unit_cases[body_temperature-98.6-[degF]-expected4]" time="0.001" /><testcase classname="tests.test_adapters" name="test_unit_cases[body_temperature-32-[degF]-expected5]" time="0.001" /><testcase classname="tests.test_adapters" name="test_unit_cases[skin_temperature-33.125-Cel-expected6]" time="0.001" /><testcase classname="tests.test_adapters" name="test_unknown_units_and_metric_identity" time="0.002" /><testcase classname="tests.test_adapters" name="test_registry_extension_is_local" time="0.001" /><testcase classname="tests.test_adapters" name="test_fhir_import_does_not_invent_onset" time="0.007" /><testcase classname="tests.test_adapters" name="test_fhir_decimal_and_import_time" time="0.002" /><testcase classname="tests.test_adapters" name="test_fhir_unsupported_is_explicit[changes0]" time="0.001" /><testcase classname="tests.test_adapters" name="test_fhir_unsupported_is_explicit[changes1]" time="0.001" /><testcase classname="tests.test_adapters" name="test_fhir_unsupported_is_explicit[changes2]" time="0.001" /><testcase classname="tests.test_adapters" name="test_fhir_unsupported_is_explicit[changes3]" time="0.001" /><testcase classname="tests.test_adapters" name="test_fhir_unsupported_is_explicit[changes4]" time="0.001" /><testcase classname="tests.test_adapters" name="test_fhir_unsupported_is_explicit[changes5]" time="0.001" /><testcase classname="tests.test_adapters" name="test_fhir_unsupported_is_explicit[changes6]" time="0.001" /><testcase classname="tests.test_adapters" name="test_fhir_unsupported_is_explicit[changes7]" time="0.001" /><testcase classname="tests.test_adapters" name="test_fhir_missing_value_not_zero" time="0.001" /><testcase classname="tests.test_adapters" name="test_fhir_bundle_and_pagination" time="0.001" /><testcase classname="tests.test_adapters" name="test_legacy_migration" time="0.004" /><testcase classname="tests.test_adapters" name="test_fhir_sources_and_site_mapping" time="0.002" /><testcase classname="tests.test_interfaces" name="test_cli_and_all_import_paths_identical" time="2.821" /><testcase classname="tests.test_interfaces" name="test_cli_error_redacted_and_atomic_export" time="2.057" /><testcase classname="tests.test_interfaces" name="test_cli_schema_export" time="4.224" /><testcase classname="tests.test_interfaces" name="test_json_schema_examples_and_openapi" time="1.864" /><testcase classname="tests.test_interfaces" name="test_http_strictness_and_sdk_agreement" time="0.468" /><testcase classname="tests.test_interfaces" name="test_regression_nested_float_serialization" time="0.002" /><testcase classname="tests.test_interfaces" name="test_regression_csv_integer_errors_redacted[--1]" time="0.001" /><testcase classname="tests.test_interfaces" name="test_regression_csv_integer_errors_redacted[\uff11\uff12]" time="0.001" /><testcase classname="tests.test_interfaces" name="test_regression_csv_integer_errors_redacted[1.0]" time="0.001" /><testcase classname="tests.test_interfaces" name="test_regression_csv_integer_errors_redacted[+1]" time="0.001" /><testcase classname="tests.test_interfaces" name="test_regression_csv_integer_errors_redacted[11111111111111111111]" time="0.001" /><testcase classname="tests.test_interfaces" name="test_regression_jsonlines_reports_physical_row" time="0.001" /><testcase classname="tests.test_interfaces" name="test_regression_malformed_adapter_configuration" time="0.001" /><testcase classname="tests.test_interfaces" name="test_cli_in_process_and_error_paths" time="0.044" /><testcase classname="tests.test_interfaces" name="test_unit_registry_signature_separates_features" time="0.004" /><testcase classname="tests.test_learning" name="test_complete_raw_pipeline" time="1.297" /><testcase classname="tests.test_learning" name="test_fit_is_order_invariant" time="0.252" /><testcase classname="tests.test_learning" name="test_json_roundtrip" time="0.015" /><testcase classname="tests.test_learning" name="test_calibration_cannot_change_selected_coefficients" time="0.253" /><testcase classname="tests.test_learning" name="test_test_labels_are_not_an_input_to_prediction" time="0.009" /><testcase classname="tests.test_learning" name="test_no_backdated_model" time="0.004" /><testcase classname="tests.test_learning" name="test_subject_overlap_rejected" time="0.023" /><testcase classname="tests.test_learning" name="test_duplicate_case_rejected" time="0.022" /><testcase classname="tests.test_learning" name="test_temporal_boundary_rejected" time="0.022" /><testcase classname="tests.test_learning" name="test_synthetic_real_mix_rejected" time="0.021" /><testcase classname="tests.test_learning" name="test_spec_mismatch_rejected" time="0.021" /><testcase classname="tests.test_learning" name="test_insufficient_calibration_is_unbounded" time="0.237" /><testcase classname="tests.test_learning" name="test_missing_day_not_no_onset" time="0.016" /><testcase classname="tests.test_learning" name="test_no_future_backfill_leakage" time="0.036" /><testcase classname="tests.test_learning" name="test_reversed_events_identical" time="0.131" /><testcase classname="tests.test_learning" name="test_mixed_stream_not_merged" time="0.011" /><testcase classname="tests.test_learning" name="test_missing_symptom_not_zero" time="0.011" /><testcase classname="tests.test_learning" name="test_same_day_measurements_excluded" time="0.020" /><testcase classname="tests.test_learning" name="test_censored_record_is_accounted" time="0.017" /><testcase classname="tests.test_learning" name="test_revised_anchor_not_relabelled" time="0.017" /><testcase classname="tests.test_learning" name="test_context_restrictions[paused-True]" time="0.011" /><testcase classname="tests.test_learning" name="test_context_restrictions[mode-other]" time="0.009" /><testcase classname="tests.test_learning" name="test_context_restrictions[mode-unknown]" time="0.008" /><testcase classname="tests.test_learning" name="test_context_restrictions[changed_since-2025-01-15]" time="0.014" /><testcase classname="tests.test_learning" name="test_evaluation_keeps_attempts" time="0.031" /><testcase classname="tests.test_learning" name="test_prediction_changes_with_observed_signal" time="0.021" /><testcase classname="tests.test_learning" name="test_rounding[v0-1]" time="0.001" /><testcase classname="tests.test_learning" name="test_rounding[v1-0]" time="0.001" /><testcase classname="tests.test_learning" name="test_rounding[v2-2]" time="0.001" /><testcase classname="tests.test_learning" name="test_rounding[v3-2]" time="0.001" /><testcase classname="tests.test_learning" name="test_rounding[v4-1]" time="0.001" /><testcase classname="tests.test_learning" name="test_conformal_rank[0-900000-None]" time="0.001" /><testcase classname="tests.test_learning" name="test_conformal_rank[1-900000-None]" time="0.001" /><testcase classname="tests.test_learning" name="test_conformal_rank[8-900000-None]" time="0.001" /><testcase classname="tests.test_learning" name="test_conformal_rank[9-900000-8]" time="0.001" /><testcase classname="tests.test_learning" name="test_conformal_rank[4-800000-3]" time="0.001" /><testcase classname="tests.test_learning" name="test_rank_coverage_enumerated" time="0.001" /><testcase classname="tests.test_learning" name="test_ridge_normal_equation_exact[1]" time="0.031" /><testcase classname="tests.test_learning" name="test_ridge_normal_equation_exact[3]" time="0.031" /><testcase classname="tests.test_learning" name="test_ridge_normal_equation_exact[100]" time="0.031" /><testcase classname="tests.test_learning" name="test_against_independent_numpy_solution" time="0.002" /><testcase classname="tests.test_learning" name="test_ridge_invalid_penalty[0]" time="0.001" /><testcase classname="tests.test_learning" name="test_ridge_invalid_penalty[-1]" time="0.001" /><testcase classname="tests.test_learning" name="test_ridge_invalid_penalty[True]" time="0.001" /><testcase classname="tests.test_learning" name="test_ridge_invalid_penalty[1.0]" time="0.001" /><testcase classname="tests.test_learning" name="test_collinear_features_still_solve" time="0.001" /><testcase classname="tests.test_learning" name="test_singular_unregularized_solver_rejected" time="0.001" /><testcase classname="tests.test_learning" name="test_no_float_fallback" time="0.001" /><testcase classname="tests.test_learning" name="test_dependency_free_learning_import" time="0.727" /><testcase classname="tests.test_learning" name="test_direct_landmark_cannot_bypass_scope[context0-paused]" time="0.005" /><testcase classname="tests.test_learning" name="test_direct_landmark_cannot_bypass_scope[context1-outside-declared-scope]" time="0.005" /><testcase classname="tests.test_learning" name="test_direct_landmark_cannot_bypass_scope[context2-outside-declared-scope]" time="0.004" /><testcase classname="tests.test_learning" name="test_direct_landmark_cannot_bypass_scope[context3-context-changed-within-current-cycle]" time="0.004" /><testcase classname="tests.test_learning" name="test_fit_direct_cases_cannot_bypass_scope" time="0.022" /><testcase classname="tests.test_learning" name="test_learned_http_same_as_sdk" time="0.228" /><testcase classname="tests.test_learning" name="test_learned_cli_roundtrip" time="2.868" /><testcase classname="tests.test_learning" name="test_learning_schema_contracts" time="0.301" /><testcase classname="tests.test_learning" name="test_model_notebook_no_hidden_clock_or_random" time="2.367" /><testcase classname="tests.test_learning" name="test_late_discovered_outcome_before_landmark_is_rejected" time="0.018" /><testcase classname="tests.test_learning" name="test_blend_matches_exact_tune_equation" time="0.008" /><testcase classname="tests.test_models" name="test_invalid_dates[2025-02-29]" time="0.001" /><testcase classname="tests.test_models" name="test_invalid_dates[2026-13-01]" time="0.001" /><testcase classname="tests.test_models" name="test_invalid_dates[2026-1-01]" time="0.001" /><testcase classname="tests.test_models" name="test_invalid_dates[2026-01-32]" time="0.001" /><testcase classname="tests.test_models" name="test_invalid_dates[1899-12-31]" time="0.001" /><testcase classname="tests.test_models" name="test_invalid_dates[2201-01-01]" time="0.001" /><testcase classname="tests.test_models" name="test_invalid_dates[2026-\uff10\uff11-01]" time="0.001" /><testcase classname="tests.test_models" name="test_invalid_instants[2026-01-01]" time="0.001" /><testcase classname="tests.test_models" name="test_invalid_instants[2026-01-01T00:00:00]" time="0.001" /><testcase classname="tests.test_models" name="test_invalid_instants[2026-01-01T00:00:60Z]" time="0.001" /><testcase classname="tests.test_models" name="test_invalid_instants[2026-01-01T00:00:00-00:00]" time="0.001" /><testcase classname="tests.test_models" name="test_invalid_instants[2026-01-01T00:00:00+14:01]" time="0.001" /><testcase classname="tests.test_models" name="test_invalid_instants[2026-01-01T00:00:00+08:99]" time="0.001" /><testcase classname="tests.test_models" name="test_invalid_instants[2026-01-01T00:00:00.0001Z]" time="0.000" /><testcase classname="tests.test_models" name="test_offset_normalization_and_midnight" time="0.000" /><testcase classname="tests.test_models" name="test_no_implicit_coercions[revision-True]" time="0.001" /><testcase classname="tests.test_models" name="test_no_implicit_coercions[revision-1]" time="0.001" /><testcase classname="tests.test_models" name="test_no_implicit_coercions[utc_offset_minutes-8.0]" time="0.001" /><testcase classname="tests.test_models" name="test_no_implicit_coercions[exclude_from_history-false]" time="0.001" /><testcase classname="tests.test_models" name="test_no_implicit_coercions[certainty-probable]" time="0.002" /><testcase classname="tests.test_models" name="test_unknown_fields_rejected" time="0.001" /><testcase classname="tests.test_models" name="test_future_event_and_incomplete_day" time="0.001" /><testcase classname="tests.test_models" name="test_context_and_continuity_required" time="0.001" /><testcase classname="tests.test_models" name="test_symptom_impact_consistency" time="0.001" /><testcase classname="tests.test_models" name="test_fraction_and_probability" time="0.001" /><testcase classname="tests.test_models" name="test_wire_parser_rejects_ambiguous_json[{&quot;a&quot;:1,&quot;a&quot;:2}]" time="0.001" /><testcase classname="tests.test_models" name="test_wire_parser_rejects_ambiguous_json[{&quot;a&quot;:NaN}]" time="0.001" /><testcase classname="tests.test_models" name="test_wire_parser_rejects_ambiguous_json[{&quot;a&quot;:Infinity}]" time="0.001" /><testcase classname="tests.test_models" name="test_wire_parser_rejects_ambiguous_json[{&quot;a&quot;:1.5}]" time="0.001" /><testcase classname="tests.test_models" name="test_wire_parser_rejects_ambiguous_json[{bad}]" time="0.001" /><testcase classname="tests.test_models" name="test_source_decimal_import_explicit" time="0.000" /><testcase classname="tests.test_models" name="test_frozen_objects_and_revalidation" time="0.002" /><testcase classname="tests.test_models" name="test_event_lists_normalize_to_immutable_tuples" time="0.001" /><testcase classname="tests.test_models" name="test_precision_budget_rejects_without_float_fallback" time="0.001" /><testcase classname="tests.test_pipeline" name="test_forecast_normalized" time="0.004" /><testcase classname="tests.test_pipeline" name="test_permutation_and_idempotence" time="0.010" /><testcase classname="tests.test_pipeline" name="test_missing_is_not_no_onset" time="0.003" /><testcase classname="tests.test_pipeline" name="test_explicit_completed_day_conditions_distribution" time="0.004" /><testcase classname="tests.test_pipeline" name="test_exhausted_and_weak_support" time="0.004" /><testcase classname="tests.test_pipeline" name="test_late_revision_is_invisible_in_replay" time="0.009" /><testcase classname="tests.test_pipeline" name="test_imported_at_prevents_backdating" time="0.002" /><testcase classname="tests.test_pipeline" name="test_subject_isolation" time="0.007" /><testcase classname="tests.test_pipeline" name="test_conflicting_revision_rejected" time="0.003" /><testcase classname="tests.test_pipeline" name="test_revision_time_order_and_kind" time="0.003" /><testcase classname="tests.test_pipeline" name="test_tombstone_does_not_bridge_gap" time="0.003" /><testcase classname="tests.test_pipeline" name="test_outside_scope[other-False-outside-declared-scope]" time="0.003" /><testcase classname="tests.test_pipeline" name="test_outside_scope[unknown-False-outside-declared-scope]" time="0.003" /><testcase classname="tests.test_pipeline" name="test_outside_scope[natural-cycle-True-paused]" time="0.003" /><testcase classname="tests.test_pipeline" name="test_context_reset_requires_new_history" time="0.002" /><testcase classname="tests.test_pipeline" name="test_duplicate_onset_days_and_uncertainty" time="0.004" /><testcase classname="tests.test_pipeline" name="test_orphan_and_conflicting_no_onset" time="0.004" /><testcase classname="tests.test_pipeline" name="test_symptom_states_preserved_not_converted_to_onset" time="0.007" /><testcase classname="tests.test_pipeline" name="test_policy_version_and_strictness" time="0.001" /><testcase classname="tests.test_pipeline" name="test_batch_order" time="0.004" /><testcase classname="tests.test_pipeline" name="test_forecast_rejects_bad_probability" time="0.004" /><testcase classname="tests.test_pipeline" name="test_parallel_runs_do_not_mutate_shared_pipeline" time="0.061" /><testcase classname="tests.test_reference" name="test_300_predictions_match_original_javascript" time="0.827" /><testcase classname="tests.test_reference" name="test_1400_kernel_and_allocation_cases" time="0.171" /><testcase classname="tests.test_research" name="test_duration_simple_and_residual" time="0.002" /><testcase classname="tests.test_research" name="test_duration_never_absorbing_and_self_loop" time="0.001" /><testcase classname="tests.test_research" name="test_bad_duration_model[patch0]" time="0.001" /><testcase classname="tests.test_research" name="test_bad_duration_model[patch1]" time="0.001" /><testcase classname="tests.test_research" name="test_bad_duration_model[patch2]" time="0.001" /><testcase classname="tests.test_research" name="test_bad_duration_model[patch3]" time="0.001" /><testcase classname="tests.test_research" name="test_bad_duration_model[patch4]" time="0.001" /><testcase classname="tests.test_research" name="test_bad_duration_model[patch5]" time="0.001" /><testcase classname="tests.test_research" name="test_bad_duration_model[patch6]" time="0.001" /><testcase classname="tests.test_research" name="test_bad_duration_model[patch7]" time="0.001" /><testcase classname="tests.test_research" name="test_invalid_horizon[0]" time="0.001" /><testcase classname="tests.test_research" name="test_invalid_horizon[181]" time="0.001" /><testcase classname="tests.test_research" name="test_invalid_horizon[True]" time="0.001" /><testcase classname="tests.test_research" name="test_invalid_horizon[1.0]" time="0.001" /><testcase classname="tests.test_research" name="test_invalid_or_impossible_evidence[weights0]" time="0.001" /><testcase classname="tests.test_research" name="test_invalid_or_impossible_evidence[weights1]" time="0.001" /><testcase classname="tests.test_research" name="test_invalid_or_impossible_evidence[weights2]" time="0.001" /><testcase classname="tests.test_research" name="test_invalid_or_impossible_evidence[weights3]" time="0.001" /><testcase classname="tests.test_research" name="test_200_models_against_independent_countdown_oracle" time="0.300" /><testcase classname="tests.test_research" name="test_measurement_runs_through_research_pipeline" time="0.007" /><testcase classname="tests.test_research" name="test_calibration_and_scores" time="0.001" /></testsuite></testsuites>