........................................................................ [ 38%]
........................................................................ [ 77%]
...........................................                              [100%]
================================ tests coverage ================================
_______________ coverage: platform linux, python 3.13.5-final-0 ________________

Name                                    Stmts   Miss Branch BrPart  Cover   Missing
-----------------------------------------------------------------------------------
src/quietcycle/__init__.py                  8      0      0      0   100%
src/quietcycle/__main__.py                  2      2      0      0     0%   1-3
src/quietcycle/adapters/__init__.py         5      0      0      0   100%
src/quietcycle/adapters/csv.py            101     13     48      8    86%   37, 41, 45, 51-52, 62, 73, 92->94, 96-97, 100, 106, 111, 127
src/quietcycle/adapters/fhir.py           121     19     60     14    82%   37, 45-46, 55, 59, 64, 72, 76, 79, 86-87, 103, 114, 129, 132, 139, 145, 150, 153
src/quietcycle/adapters/legacy.py          30      6     12      5    74%   24, 26, 29, 33, 36-37
src/quietcycle/adapters/records.py         45      7     16      5    80%   20, 22, 35, 42, 49, 54, 59
src/quietcycle/api.py                      70      5     16      3    91%   26->31, 48, 61, 65-66, 90
src/quietcycle/cli.py                     109     27     44      6    72%   23, 30, 36, 38-43, 85-97, 118-123, 127
src/quietcycle/dates.py                    38      2     16      2    93%   40, 47
src/quietcycle/errors.py                   15      1      2      1    88%   20
src/quietcycle/features.py                 59      1     12      1    97%   58
src/quietcycle/learning/__init__.py         6      0      0      0   100%
src/quietcycle/learning/contracts.py      234     36     92     39    77%   33, 35, 37, 39, 41, 74, 76, 79, 84, 86, 89, 105, 107, 133, 135, 137, 150, 165, 167, 198, 200, 203, 205->207, 207->209, 210, 213, 216, 218, 220, 222, 225, 226->232, 229, 231, 247, 249, 279, 282, 284
src/quietcycle/learning/evaluation.py      50      6     16      5    83%   21, 23, 25, 35, 48-49
src/quietcycle/learning/exact.py           55      7     28      7    83%   11, 26, 28, 42, 54, 62, 68
src/quietcycle/learning/fitting.py        128      9     50      9    89%   50, 56-58, 72->68, 81, 110, 115, 117, 121->127, 126
src/quietcycle/learning/landmarks.py      133     13     66     16    85%   38, 41, 45, 50, 52, 59, 83->82, 88->90, 90->92, 104-105, 107->101, 112, 131, 141, 143, 147
src/quietcycle/learning/prediction.py      58      6     16      2    89%   33, 35, 40-41, 52-53
src/quietcycle/ledger.py                   39      2     20      2    93%   25, 27
src/quietcycle/models.py                  260     16     58     16    90%   31, 79, 135, 137, 139, 141, 195, 197, 222, 261, 291, 294, 296, 300, 303, 308
src/quietcycle/pipeline.py                 43      6     16      6    80%   34, 36, 41, 45, 47, 62
src/quietcycle/predictors.py              139     11     58      9    90%   37, 50, 54, 63, 78, 110, 119, 129, 133, 140-141
src/quietcycle/research/__init__.py         4      0      0      0   100%
src/quietcycle/research/duration.py       103      5     48      5    93%   47, 49, 77, 79, 125
src/quietcycle/research/evaluation.py      13      1      4      1    88%   23
src/quietcycle/research/pipeline.py        76      6     20      7    86%   38, 41, 62, 64, 75, 78, 81->100
src/quietcycle/schemas/__init__.py          0      0      0      0   100%
src/quietcycle/serialization.py            77      7     22      4    89%   37, 61, 80, 103-106
src/quietcycle/units.py                    61      5     34      6    88%   54, 58, 60, 73->81, 76, 78
-----------------------------------------------------------------------------------
TOTAL                                    2082    219    774    179    86%
Coverage JSON written to file evidence/coverage.json
187 passed in 22.98s
